<?xml version="1.0" encoding="UTF-8"?>
<!-- Generated by org.testng.reporters.JUnitReportReporter -->
<testsuite hostname="VWSWX017-US" name="com.tudor.swag.tests.suites.ItAdminSuite" tests="8" failures="0" timestamp="18 May 2021 14:55:43 GMT" time="153.164" errors="8">
  <testcase name="verifyData" time="9.969" classname="com.tudor.swag.tests.suites.ItAdminSuite">
    <error type="java.lang.AssertionError" message="The following asserts failed:

[Row: 53] [Column: 1] [Expected: 5,859] [Actual: 5,471], 
[Row: 53] [Column: 2] [Expected: dporat] [Actual: editchfi], 
[Row: 53] [Column: 3] [Expected: Dov Porat (CITCO)] [Actual: Erik Ditchfield (Rebar)], 
[Row: 53] [Column: 4] [Expected: CITCO] [Actual: IT Vendor Services], 
[Row: 53] [Column: 5] [Expected: CITCO NJ - MO] [Actual: Offsite - US Office], 
[Row: 54] [Column: 1] [Expected: 5,840] [Actual: 5,859], 
[Row: 54] [Column: 2] [Expected: smehta] [Actual: dporat], 
[Row: 54] [Column: 3] [Expected: Surbhi Mehta] [Actual: Dov Porat (CITCO)], 
[Row: 54] [Column: 4] [Expected: IR &amp; Product Development] [Actual: CITCO], 
[Row: 54] [Column: 5] [Expected: 200 Elm] [Actual: CITCO NJ - MO], 
[Row: 55] [Column: 1] [Expected: 5,551] [Actual: 5,840], 
[Row: 55] [Column: 2] [Expected: ffeiyang] [Actual: smehta], 
[Row: 55] [Column: 3] [Expected: Fen Fei Yang] [Actual: Surbhi Mehta], 
[Row: 55] [Column: 4] [Expected: Software Development] [Actual: IR &amp; Product Development], 
[Row: 56] [Column: 1] [Expected: 5,901] [Actual: 5,551], 
[Row: 56] [Column: 2] [Expected: mcangian] [Actual: ffeiyang], 
[Row: 56] [Column: 3] [Expected: Michael Cangiano (CITCO)] [Actual: Fen Fei Yang], 
[Row: 56] [Column: 4] [Expected: CITCO] [Actual: Software Development], 
[Row: 56] [Column: 5] [Expected: CITCO MAL - RPT] [Actual: 200 Elm], 
[Row: 57] [Column: 1] [Expected: 5,463] [Actual: 5,901], 
[Row: 57] [Column: 2] [Expected: mhayes] [Actual: mcangian], 
[Row: 57] [Column: 3] [Expected: Matthew Hayes] [Actual: Michael Cangiano (CITCO)], 
[Row: 57] [Column: 4] [Expected: Global Execution] [Actual: CITCO], 
[Row: 57] [Column: 5] [Expected: 200 Elm] [Actual: CITCO MAL - RPT], 
[Row: 58] [Column: 1] [Expected: 6,103] [Actual: 5,463], 
[Row: 58] [Column: 2] [Expected: tegan] [Actual: mhayes], 
[Row: 58] [Column: 3] [Expected: Thomas Egan (CITCO)] [Actual: Matthew Hayes], 
[Row: 58] [Column: 4] [Expected: CITCO] [Actual: Global Execution], 
[Row: 58] [Column: 5] [Expected: CITCO NJ - RISK&amp;V] [Actual: 200 Elm], 
[Row: 59] [Column: 1] [Expected: 6,148] [Actual: 6,103], 
[Row: 59] [Column: 2] [Expected: hshim] [Actual: tegan], 
[Row: 59] [Column: 3] [Expected: Hosup Shim (CITCO)] [Actual: Thomas Egan (CITCO)], 
[Row: 59] [Column: 5] [Expected: CITCO NJ - TAX] [Actual: CITCO NJ - RISK&amp;V], 
[Row: 60] [Column: 1] [Expected: 4,824] [Actual: 6,148], 
[Row: 60] [Column: 2] [Expected: pkhemraj] [Actual: hshim], 
[Row: 60] [Column: 3] [Expected: Prem Khemraj (Benchmark)] [Actual: Hosup Shim (CITCO)], 
[Row: 60] [Column: 4] [Expected: Financial Reporting] [Actual: CITCO], 
[Row: 60] [Column: 5] [Expected: 200 Elm] [Actual: CITCO NJ - TAX], 
[Row: 61] [Column: 1] [Expected: 6,019] [Actual: 4,824], 
[Row: 61] [Column: 2] [Expected: skollipa] [Actual: pkhemraj], 
[Row: 61] [Column: 3] [Expected: Suresh Kollipara] [Actual: Prem Khemraj (Benchmark)], 
[Row: 61] [Column: 4] [Expected: Software Development] [Actual: Financial Reporting], 
[Row: 62] [Column: 1] [Expected: 6,196] [Actual: 6,019], 
[Row: 62] [Column: 2] [Expected: sgriffee] [Actual: skollipa], 
[Row: 62] [Column: 3] [Expected: Steve Griffee] [Actual: Suresh Kollipara], 
[Row: 62] [Column: 4] [Expected: IT Customer Services &amp; Support] [Actual: Software Development], 
[Row: 63] [Column: 1] [Expected: 4,359] [Actual: 6,196], 
[Row: 63] [Column: 2] [Expected: arivera] [Actual: sgriffee], 
[Row: 63] [Column: 3] [Expected: Anita Sbarra] [Actual: Steve Griffee], 
[Row: 63] [Column: 4] [Expected: Financial Reporting] [Actual: IT Customer Services &amp; Support], 
[Row: 63] [Column: 5] [Expected: Palm Beach] [Actual: 200 Elm], 
[Row: 64] [Column: 1] [Expected: 4,659] [Actual: 4,359], 
[Row: 64] [Column: 2] [Expected: sking] [Actual: arivera], 
[Row: 64] [Column: 3] [Expected: Shaun King] [Actual: Anita Sbarra], 
[Row: 64] [Column: 4] [Expected: Executive] [Actual: Financial Reporting], 
[Row: 64] [Column: 5] [Expected: 10 NBS] [Actual: Palm Beach], 
[Row: 65] [Column: 1] [Expected: 6,303] [Actual: 4,659], 
[Row: 65] [Column: 2] [Expected: emiller] [Actual: sking], 
[Row: 65] [Column: 3] [Expected: Emily Miller (CITCO)] [Actual: Shaun King], 
[Row: 65] [Column: 4] [Expected: CITCO] [Actual: Executive], 
[Row: 65] [Column: 5] [Expected: CITCO MAL - RPT] [Actual: 10 NBS], 
[Row: 66] [Column: 1] [Expected: 6,327] [Actual: 6,303], 
[Row: 66] [Column: 2] [Expected: mbicknel] [Actual: emiller], 
[Row: 66] [Column: 3] [Expected: Michael Bicknell] [Actual: Emily Miller (CITCO)], 
[Row: 66] [Column: 4] [Expected: Collateral Management] [Actual: CITCO], 
[Row: 66] [Column: 5] [Expected: 200 Elm] [Actual: CITCO MAL - RPT], 
[Row: 67] [Column: 1] [Expected: 6,326] [Actual: 6,327], 
[Row: 67] [Column: 2] [Expected: dgreen] [Actual: mbicknel], 
[Row: 67] [Column: 3] [Expected: Damien Green] [Actual: Michael Bicknell], 
[Row: 67] [Column: 4] [Expected: Business Mgmt and Analysis] [Actual: Collateral Management], 
[Row: 68] [Column: 1] [Expected: 6,385] [Actual: 6,326], 
[Row: 68] [Column: 2] [Expected: szhou] [Actual: dgreen], 
[Row: 68] [Column: 3] [Expected: Sean Zhou] [Actual: Damien Green], 
[Row: 68] [Column: 4] [Expected: Portfolio Oversight] [Actual: Business Mgmt and Analysis], 
[Row: 68] [Column: 5] [Expected: 51 Astor Place] [Actual: 200 Elm], 
[Row: 69] [Column: 1] [Expected: 6,402] [Actual: 6,385], 
[Row: 69] [Column: 2] [Expected: caaronso] [Actual: szhou], 
[Row: 69] [Column: 3] [Expected: Christian Aaronson (CITCO)] [Actual: Sean Zhou], 
[Row: 69] [Column: 4] [Expected: CITCO] [Actual: Portfolio Oversight], 
[Row: 69] [Column: 5] [Expected: CITCO MAL - PE] [Actual: 51 Astor Place], 
[Row: 70] [Column: 1] [Expected: 6,405] [Actual: 6,402], 
[Row: 70] [Column: 2] [Expected: kekelly] [Actual: caaronso], 
[Row: 70] [Column: 3] [Expected: Kelly Kelly (CITCO)] [Actual: Christian Aaronson (CITCO)], 
[Row: 70] [Column: 5] [Expected: CITCO MAL - RPT] [Actual: CITCO MAL - PE], 
[Row: 71] [Column: 1] [Expected: 6,431] [Actual: 6,405], 
[Row: 71] [Column: 2] [Expected: rgold] [Actual: kekelly], 
[Row: 71] [Column: 3] [Expected: Robert Gold] [Actual: Kelly Kelly (CITCO)], 
[Row: 71] [Column: 4] [Expected: Global Execution] [Actual: CITCO], 
[Row: 71] [Column: 5] [Expected: 10 NBS] [Actual: CITCO MAL - RPT], 
[Row: 72] [Column: 1] [Expected: 6,523] [Actual: 6,431], 
[Row: 72] [Column: 2] [Expected: jhay] [Actual: rgold], 
[Row: 72] [Column: 3] [Expected: Jacquelyn Hay] [Actual: Robert Gold], 
[Row: 72] [Column: 4] [Expected: Operations] [Actual: Global Execution], 
[Row: 72] [Column: 5] [Expected: 200 Elm] [Actual: 10 NBS], 
[Row: 73] [Column: 1] [Expected: 6,565] [Actual: 6,523], 
[Row: 73] [Column: 2] [Expected: jizhou] [Actual: jhay], 
[Row: 73] [Column: 3] [Expected: Josh Zhou (CITCO)] [Actual: Jacquelyn Hay], 
[Row: 73] [Column: 4] [Expected: CITCO] [Actual: Operations], 
[Row: 73] [Column: 5] [Expected: CITCO NJ - OPS] [Actual: 200 Elm], 
[Row: 74] [Column: 1] [Expected: 6,580] [Actual: 6,565], 
[Row: 74] [Column: 2] [Expected: ttirapan] [Actual: jizhou], 
[Row: 74] [Column: 3] [Expected: Thomas Tirapani (ExHI)] [Actual: Josh Zhou (CITCO)], 
[Row: 74] [Column: 4] [Expected: Software Development] [Actual: CITCO], 
[Row: 74] [Column: 5] [Expected: Offsite - Non-US Office] [Actual: CITCO NJ - OPS], 
[Row: 75] [Column: 1] [Expected: 6,573] [Actual: 6,580], 
[Row: 75] [Column: 2] [Expected: schiu] [Actual: ttirapan], 
[Row: 75] [Column: 3] [Expected: Sammi Chiu (CITCO)] [Actual: Thomas Tirapani (ExHI)], 
[Row: 75] [Column: 4] [Expected: CITCO] [Actual: Software Development], 
[Row: 75] [Column: 5] [Expected: CITCO NJ - MO] [Actual: Offsite - Non-US Office], 
[Row: 76] [Column: 1] [Expected: 5,647] [Actual: 6,573], 
[Row: 76] [Column: 2] [Expected: kzdunek] [Actual: schiu], 
[Row: 76] [Column: 3] [Expected: Kamil Zdunek] [Actual: Sammi Chiu (CITCO)], 
[Row: 76] [Column: 4] [Expected: Global Execution] [Actual: CITCO], 
[Row: 76] [Column: 5] [Expected: 200 Elm] [Actual: CITCO NJ - MO], 
[Row: 77] [Column: 1] [Expected: 6,597] [Actual: 5,647], 
[Row: 77] [Column: 2] [Expected: snagaraj] [Actual: kzdunek], 
[Row: 77] [Column: 3] [Expected: Nag Nagarajan] [Actual: Kamil Zdunek], 
[Row: 77] [Column: 4] [Expected: Portfolio Oversight] [Actual: Global Execution], 
[Row: 77] [Column: 5] [Expected: 51 Astor Place] [Actual: 200 Elm], 
[Row: 78] [Column: 1] [Expected: 6,627] [Actual: 6,597], 
[Row: 78] [Column: 2] [Expected: alai] [Actual: snagaraj], 
[Row: 78] [Column: 3] [Expected: Albert Lai (CITCO)] [Actual: Nag Nagarajan], 
[Row: 78] [Column: 4] [Expected: CITCO] [Actual: Portfolio Oversight], 
[Row: 78] [Column: 5] [Expected: CITCO NJ - OPS] [Actual: 51 Astor Place], 
[Row: 79] [Column: 1] [Expected: 6,654] [Actual: 6,627], 
[Row: 79] [Column: 2] [Expected: spemmasa] [Actual: alai], 
[Row: 79] [Column: 3] [Expected: Siva Pemmasani (CITCO)] [Actual: Albert Lai (CITCO)], 
[Row: 79] [Column: 5] [Expected: CITCO NJ - RISK&amp;V] [Actual: CITCO NJ - OPS], 
[Row: 80] [Column: 1] [Expected: 6,581] [Actual: 6,654], 
[Row: 80] [Column: 2] [Expected: amirdita] [Actual: spemmasa], 
[Row: 80] [Column: 3] [Expected: Antoinette Mirdita] [Actual: Siva Pemmasani (CITCO)], 
[Row: 80] [Column: 4] [Expected: Financial Reporting] [Actual: CITCO], 
[Row: 80] [Column: 5] [Expected: 200 Elm] [Actual: CITCO NJ - RISK&amp;V], 
[Row: 81] [Column: 1] [Expected: 6,740] [Actual: 6,581], 
[Row: 81] [Column: 2] [Expected: ckirby] [Actual: amirdita], 
[Row: 81] [Column: 3] [Expected: Charlie Kirby] [Actual: Antoinette Mirdita], 
[Row: 81] [Column: 4] [Expected: Trade Support] [Actual: Financial Reporting], 
[Row: 81] [Column: 5] [Expected: 10 NBS] [Actual: 200 Elm], 
[Row: 82] [Column: 1] [Expected: 6,714] [Actual: 6,740], 
[Row: 82] [Column: 2] [Expected: cabergas] [Actual: ckirby], 
[Row: 82] [Column: 3] [Expected: Cedric Abergas (CITCO)] [Actual: Charlie Kirby], 
[Row: 82] [Column: 4] [Expected: CITCO] [Actual: Trade Support], 
[Row: 82] [Column: 5] [Expected: CITCO MLA - TRD CAP] [Actual: 10 NBS], 
[Row: 83] [Column: 1] [Expected: 6,717] [Actual: 6,714], 
[Row: 83] [Column: 2] [Expected: syamamiy] [Actual: cabergas], 
[Row: 83] [Column: 3] [Expected: Shinji Yamamiya (CITCO)] [Actual: Cedric Abergas (CITCO)], 
[Row: 84] [Column: 1] [Expected: 6,746] [Actual: 6,717], 
[Row: 84] [Column: 2] [Expected: mfan] [Actual: syamamiy], 
[Row: 84] [Column: 3] [Expected: Mike Fan] [Actual: Shinji Yamamiya (CITCO)], 
[Row: 84] [Column: 4] [Expected: Operations] [Actual: CITCO], 
[Row: 84] [Column: 5] [Expected: Singapore] [Actual: CITCO MLA - TRD CAP], 
[Row: 85] [Column: 1] [Expected: 6,775] [Actual: 6,746], 
[Row: 85] [Column: 2] [Expected: pgovinda] [Actual: mfan], 
[Row: 85] [Column: 3] [Expected: Praba Govindan (Princeton Group)] [Actual: Mike Fan], 
[Row: 85] [Column: 4] [Expected: Software Development] [Actual: Operations], 
[Row: 85] [Column: 5] [Expected: 200 Elm] [Actual: Singapore], 
[Row: 86] [Column: 1] [Expected: 6,783] [Actual: 6,775], 
[Row: 86] [Column: 2] [Expected: asaliern] [Actual: pgovinda], 
[Row: 86] [Column: 3] [Expected: Adriana Amarillo] [Actual: Praba Govindan (Princeton Group)], 
[Row: 86] [Column: 4] [Expected: Financial Reporting] [Actual: Software Development], 
[Row: 87] [Column: 1] [Expected: 6,805] [Actual: 6,783], 
[Row: 87] [Column: 2] [Expected: crudd] [Actual: asaliern], 
[Row: 87] [Column: 3] [Expected: Colin Rudd (ExHI)] [Actual: Adriana Amarillo], 
[Row: 87] [Column: 4] [Expected: Software Development] [Actual: Financial Reporting], 
[Row: 87] [Column: 5] [Expected: Offsite - US Office] [Actual: 200 Elm], 
[Row: 88] [Column: 1] [Expected: 6,822] [Actual: 6,805], 
[Row: 88] [Column: 2] [Expected: vshlivko] [Actual: crudd], 
[Row: 88] [Column: 3] [Expected: Val Shlivko] [Actual: Colin Rudd (ExHI)], 
[Row: 88] [Column: 4] [Expected: Business Mgmt and Analysis] [Actual: Software Development], 
[Row: 88] [Column: 5] [Expected: 51 Astor Place] [Actual: Offsite - US Office], 
[Row: 89] [Column: 1] [Expected: 6,836] [Actual: 6,822], 
[Row: 89] [Column: 2] [Expected: msokolow] [Actual: vshlivko], 
[Row: 89] [Column: 3] [Expected: Maciej Sokolowski] [Actual: Val Shlivko], 
[Row: 89] [Column: 4] [Expected: IT Data Services] [Actual: Business Mgmt and Analysis], 
[Row: 89] [Column: 5] [Expected: 10 NBS] [Actual: 51 Astor Place], 
[Row: 90] [Column: 1] [Expected: 6,888] [Actual: 6,836], 
[Row: 90] [Column: 2] [Expected: kthompso] [Actual: msokolow], 
[Row: 90] [Column: 3] [Expected: Kendal Thompson (CITCO)] [Actual: Maciej Sokolowski], 
[Row: 90] [Column: 4] [Expected: CITCO] [Actual: IT Data Services], 
[Row: 90] [Column: 5] [Expected: CITCO HFX - DIV] [Actual: 10 NBS], 
[Row: 91] [Column: 1] [Expected: 6,902] [Actual: 6,888], 
[Row: 91] [Column: 2] [Expected: btodorov] [Actual: kthompso], 
[Row: 91] [Column: 3] [Expected: Boban Todorovic (Accordia)] [Actual: Kendal Thompson (CITCO)], 
[Row: 91] [Column: 4] [Expected: Software Development] [Actual: CITCO], 
[Row: 91] [Column: 5] [Expected: 51 Astor Place] [Actual: CITCO HFX - DIV], 
[Row: 92] [Column: 1] [Expected: 6,903] [Actual: 6,902], 
[Row: 92] [Column: 2] [Expected: gstankov] [Actual: btodorov], 
[Row: 92] [Column: 3] [Expected: Goran Stankovic (Accordia)] [Actual: Boban Todorovic (Accordia)], 
[Row: 92] [Column: 5] [Expected: Offsite - Non-US Office] [Actual: 51 Astor Place], 
[Row: 93] [Column: 1] [Expected: 6,918] [Actual: 6,903], 
[Row: 93] [Column: 2] [Expected: mgould] [Actual: gstankov], 
[Row: 93] [Column: 3] [Expected: Michael Gould] [Actual: Goran Stankovic (Accordia)], 
[Row: 93] [Column: 5] [Expected: 10 NBS] [Actual: Offsite - Non-US Office], 
[Row: 94] [Column: 1] [Expected: 6,179] [Actual: 6,918], 
[Row: 94] [Column: 2] [Expected: sanjap] [Actual: mgould], 
[Row: 94] [Column: 3] [Expected: Sanja Paunovic (Accordia)] [Actual: Michael Gould], 
[Row: 94] [Column: 5] [Expected: Offsite - Non-US Office] [Actual: 10 NBS], 
[Row: 95] [Column: 1] [Expected: 6,308] [Actual: 6,179], 
[Row: 95] [Column: 2] [Expected: sabrashi] [Actual: sanjap], 
[Row: 95] [Column: 3] [Expected: Sergey Abrashin] [Actual: Sanja Paunovic (Accordia)], 
[Row: 95] [Column: 5] [Expected: 200 Elm] [Actual: Offsite - Non-US Office], 
[Row: 96] [Column: 1] [Expected: 6,930] [Actual: 6,308], 
[Row: 96] [Column: 2] [Expected: jrangelo] [Actual: sabrashi], 
[Row: 96] [Column: 3] [Expected: Jelena Rangelov (Accordia)] [Actual: Sergey Abrashin], 
[Row: 96] [Column: 4] [Expected: Business Mgmt and Analysis] [Actual: Software Development], 
[Row: 96] [Column: 5] [Expected: Offsite - Non-US Office] [Actual: 200 Elm], 
[Row: 97] [Column: 1] [Expected: 6,153] [Actual: 6,930], 
[Row: 97] [Column: 2] [Expected: lkuznets] [Actual: jrangelo], 
[Row: 97] [Column: 3] [Expected: Leonid Kuznetsov] [Actual: Jelena Rangelov (Accordia)], 
[Row: 97] [Column: 4] [Expected: IT Customer Services &amp; Support] [Actual: Business Mgmt and Analysis], 
[Row: 97] [Column: 5] [Expected: 10 NBS] [Actual: Offsite - Non-US Office], 
[Row: 98] [Column: 1] [Expected: 6,927] [Actual: 6,153], 
[Row: 98] [Column: 2] [Expected: srayudu] [Actual: lkuznets], 
[Row: 98] [Column: 3] [Expected: Suneetha Rayudu] [Actual: Leonid Kuznetsov], 
[Row: 98] [Column: 4] [Expected: Software Development] [Actual: IT Customer Services &amp; Support], 
[Row: 98] [Column: 5] [Expected: 200 Elm] [Actual: 10 NBS], 
[Row: 99] [Column: 1] [Expected: 7,024] [Actual: 6,927], 
[Row: 99] [Column: 2] [Expected: rwothers] [Actual: srayudu], 
[Row: 99] [Column: 3] [Expected: Russell Wotherspoon] [Actual: Suneetha Rayudu], 
[Row: 99] [Column: 4] [Expected: IT Customer Services &amp; Support] [Actual: Software Development], 
[Row: 99] [Column: 5] [Expected: 10 NBS] [Actual: 200 Elm], 
[Row: 100] [Column: 1] [Expected: 7,040] [Actual: 7,024], 
[Row: 100] [Column: 2] [Expected: mstojano] [Actual: rwothers], 
[Row: 100] [Column: 3] [Expected: Milos Stojanovic (Accordia)] [Actual: Russell Wotherspoon], 
[Row: 100] [Column: 4] [Expected: Business Mgmt and Analysis] [Actual: IT Customer Services &amp; Support], 
[Row: 100] [Column: 5] [Expected: Offsite - Non-US Office] [Actual: 10 NBS], 
[Row: 101] [Column: 1] [Expected: 7,046] [Actual: 7,040], 
[Row: 101] [Column: 2] [Expected: ivhuang] [Actual: mstojano], 
[Row: 101] [Column: 3] [Expected: Ivy Huang (Citco)] [Actual: Milos Stojanovic (Accordia)], 
[Row: 101] [Column: 4] [Expected: CITCO] [Actual: Business Mgmt and Analysis], 
[Row: 101] [Column: 5] [Expected: CITCO MAL - RPT] [Actual: Offsite - Non-US Office], 
[Row: 102] [Column: 1] [Expected: 7,058] [Actual: 7,046], 
[Row: 102] [Column: 2] [Expected: jcooksey] [Actual: ivhuang], 
[Row: 102] [Column: 3] [Expected: James Cooksey] [Actual: Ivy Huang (Citco)], 
[Row: 102] [Column: 4] [Expected: Operations] [Actual: CITCO], 
[Row: 102] [Column: 5] [Expected: 200 Elm] [Actual: CITCO MAL - RPT], 
[Row: 103] [Column: 1] [Expected: 7,051] [Actual: 7,058], 
[Row: 103] [Column: 2] [Expected: aafricano] [Actual: jcooksey], 
[Row: 103] [Column: 3] [Expected: Aileen Africano (Citco)] [Actual: James Cooksey], 
[Row: 103] [Column: 4] [Expected: CITCO] [Actual: Operations], 
[Row: 103] [Column: 5] [Expected: CITCO MNL - RPT] [Actual: 200 Elm], 
[Row: 104] [Column: 1] [Expected: 7,025] [Actual: 7,051], 
[Row: 104] [Column: 2] [Expected: yfernand] [Actual: aafricano], 
[Row: 104] [Column: 3] [Expected: Yohan Fernando] [Actual: Aileen Africano (Citco)], 
[Row: 104] [Column: 4] [Expected: Software Development] [Actual: CITCO], 
[Row: 104] [Column: 5] [Expected: 10 NBS] [Actual: CITCO MNL - RPT], 
[Row: 105] [Column: 1] [Expected: 7,092] [Actual: 7,025], 
[Row: 105] [Column: 2] [Expected: plagrima] [Actual: yfernand], 
[Row: 105] [Column: 3] [Expected: Peter Lagrimas (Citco)] [Actual: Yohan Fernando], 
[Row: 105] [Column: 4] [Expected: CITCO] [Actual: Software Development], 
[Row: 105] [Column: 5] [Expected: CITCO NJ - MO] [Actual: 10 NBS], 
[Row: 106] [Column: 1] [Expected: 7,117] [Actual: 7,092], 
[Row: 106] [Column: 2] [Expected: jli] [Actual: plagrima], 
[Row: 106] [Column: 3] [Expected: Jennifer Li (Princeton Consulting)] [Actual: Peter Lagrimas (Citco)], 
[Row: 106] [Column: 4] [Expected: IT Data Services] [Actual: CITCO], 
[Row: 106] [Column: 5] [Expected: Offsite - US Office] [Actual: CITCO NJ - MO], 
[Row: 107] [Column: 1] [Expected: 7,170] [Actual: 7,117], 
[Row: 107] [Column: 2] [Expected: dfebbrai] [Actual: jli], 
[Row: 107] [Column: 3] [Expected: Donald Febbraio (ExHI)] [Actual: Jennifer Li (Princeton Consulting)], 
[Row: 107] [Column: 4] [Expected: Software Development] [Actual: IT Data Services], 
[Row: 108] [Column: 1] [Expected: 7,190] [Actual: 7,170], 
[Row: 108] [Column: 2] [Expected: silic] [Actual: dfebbrai], 
[Row: 108] [Column: 3] [Expected: Sasha Ilic (Accordia)] [Actual: Donald Febbraio (ExHI)], 
[Row: 108] [Column: 5] [Expected: Offsite - Non-US Office] [Actual: Offsite - US Office], 
[Row: 109] [Column: 1] [Expected: 7,194] [Actual: 7,190], 
[Row: 109] [Column: 2] [Expected: clu] [Actual: silic], 
[Row: 109] [Column: 3] [Expected: Chensheng Lu] [Actual: Sasha Ilic (Accordia)], 
[Row: 109] [Column: 4] [Expected: Risk Management] [Actual: Software Development], 
[Row: 109] [Column: 5] [Expected: 10 NBS] [Actual: Offsite - Non-US Office], 
[Row: 110] [Column: 1] [Expected: 141] [Actual: 7,194], 
[Row: 110] [Column: 2] [Expected: sgorbey] [Actual: clu], 
[Row: 110] [Column: 3] [Expected: Susi Gorbey] [Actual: Chensheng Lu], 
[Row: 110] [Column: 4] [Expected: Quantitative Strategies Oversi] [Actual: Risk Management], 
[Row: 111] [Column: 1] [Expected: 7,207] [Actual: 141], 
[Row: 111] [Column: 2] [Expected: hboongal] [Actual: sgorbey], 
[Row: 111] [Column: 3] [Expected: Hazel Boongaling (Citco)] [Actual: Susi Gorbey], 
[Row: 111] [Column: 4] [Expected: CITCO] [Actual: Quantitative Strategies Oversi], 
[Row: 111] [Column: 5] [Expected: CITCO MNL - RPT] [Actual: 10 NBS], 
[Row: 112] [Column: 1] [Expected: 6,503] [Actual: 7,207], 
[Row: 112] [Column: 2] [Expected: mhassan] [Actual: hboongal], 
[Row: 112] [Column: 3] [Expected: Muriam Hassan] [Actual: Hazel Boongaling (Citco)], 
[Row: 112] [Column: 4] [Expected: Legal and Compliance] [Actual: CITCO], 
[Row: 112] [Column: 5] [Expected: 10 NBS] [Actual: CITCO MNL - RPT], 
[Row: 113] [Column: 1] [Expected: 6,578] [Actual: 6,503], 
[Row: 113] [Column: 2] [Expected: gsalazar] [Actual: mhassan], 
[Row: 113] [Column: 3] [Expected: Gabriela Salazar (CITCO)] [Actual: Muriam Hassan], 
[Row: 113] [Column: 4] [Expected: CITCO] [Actual: Legal and Compliance], 
[Row: 113] [Column: 5] [Expected: CITCO NJ - RISK&amp;V] [Actual: 10 NBS], 
[Row: 114] [Column: 1] [Expected: 7,243] [Actual: 6,578], 
[Row: 114] [Column: 2] [Expected: kramoso] [Actual: gsalazar], 
[Row: 114] [Column: 3] [Expected: Katrina Ramoso (Citco)] [Actual: Gabriela Salazar (CITCO)], 
[Row: 114] [Column: 5] [Expected: CITCO MLA - OPS] [Actual: CITCO NJ - RISK&amp;V], 
[Row: 115] [Column: 1] [Expected: 7,246] [Actual: 7,243], 
[Row: 115] [Column: 2] [Expected: ralcanta] [Actual: kramoso], 
[Row: 115] [Column: 3] [Expected: Rocel Alcantara (Citco)] [Actual: Katrina Ramoso (Citco)], 
[Row: 116] [Column: 1] [Expected: 7,244] [Actual: 7,246], 
[Row: 116] [Column: 2] [Expected: pcorpuz] [Actual: ralcanta], 
[Row: 116] [Column: 3] [Expected: Pearly Corpuz (Citco)] [Actual: Rocel Alcantara (Citco)], 
[Row: 117] [Column: 1] [Expected: 7,262] [Actual: 7,244], 
[Row: 117] [Column: 2] [Expected: gjohn] [Actual: pcorpuz], 
[Row: 117] [Column: 3] [Expected: Gina John (Citco)] [Actual: Pearly Corpuz (Citco)], 
[Row: 117] [Column: 5] [Expected: CITCO MAL - RPT] [Actual: CITCO MLA - OPS], 
[Row: 118] [Column: 1] [Expected: 6,105] [Actual: 7,262], 
[Row: 118] [Column: 2] [Expected: dtan] [Actual: gjohn], 
[Row: 118] [Column: 3] [Expected: Danny Tan (CITCO)] [Actual: Gina John (Citco)], 
[Row: 118] [Column: 5] [Expected: CITCO NJ - OPS] [Actual: CITCO MAL - RPT], 
[Row: 119] [Column: 1] [Expected: 7,234] [Actual: 6,105], 
[Row: 119] [Column: 2] [Expected: jfullam] [Actual: dtan], 
[Row: 119] [Column: 3] [Expected: John Fullam] [Actual: Danny Tan (CITCO)], 
[Row: 119] [Column: 4] [Expected: Software Development] [Actual: CITCO], 
[Row: 119] [Column: 5] [Expected: 200 Elm] [Actual: CITCO NJ - OPS], 
[Row: 120] [Column: 1] [Expected: 7,247] [Actual: 7,234], 
[Row: 120] [Column: 2] [Expected: jvoong] [Actual: jfullam], 
[Row: 120] [Column: 3] [Expected: Johnny Voong (Citco)] [Actual: John Fullam], 
[Row: 120] [Column: 4] [Expected: CITCO] [Actual: Software Development], 
[Row: 120] [Column: 5] [Expected: CITCO NJ - MO] [Actual: 200 Elm], 
[Row: 121] [Column: 1] [Expected: 6,161] [Actual: 7,247], 
[Row: 121] [Column: 2] [Expected: lgiorgia] [Actual: jvoong], 
[Row: 121] [Column: 3] [Expected: Lorenzo Giorgianni] [Actual: Johnny Voong (Citco)], 
[Row: 121] [Column: 4] [Expected: Global Research] [Actual: CITCO], 
[Row: 121] [Column: 5] [Expected: 51 Astor Place] [Actual: CITCO NJ - MO], 
[Row: 122] [Column: 1] [Expected: 7,094] [Actual: 6,161], 
[Row: 122] [Column: 2] [Expected: nstojano] [Actual: lgiorgia], 
[Row: 122] [Column: 3] [Expected: Nenad Stojanovic (Accordia)] [Actual: Lorenzo Giorgianni], 
[Row: 122] [Column: 4] [Expected: IT Customer Services &amp; Support] [Actual: Global Research], 
[Row: 122] [Column: 5] [Expected: Offsite - Non-US Office] [Actual: 51 Astor Place], 
[Row: 123] [Column: 1] [Expected: 4,320] [Actual: 7,094], 
[Row: 123] [Column: 2] [Expected: rhowes] [Actual: nstojano], 
[Row: 123] [Column: 3] [Expected: Robin Howes] [Actual: Nenad Stojanovic (Accordia)], 
[Row: 123] [Column: 4] [Expected: Operations] [Actual: IT Customer Services &amp; Support], 
[Row: 123] [Column: 5] [Expected: 200 Elm] [Actual: Offsite - Non-US Office], 
[Row: 124] [Column: 1] [Expected: 7,338] [Actual: 4,320], 
[Row: 124] [Column: 2] [Expected: rwiederh] [Actual: rhowes], 
[Row: 124] [Column: 3] [Expected: Raymond Wiederhold] [Actual: Robin Howes], 
[Row: 124] [Column: 4] [Expected: Middle Office] [Actual: Operations], 
[Row: 125] [Column: 1] [Expected: 7,337] [Actual: 7,338], 
[Row: 125] [Column: 2] [Expected: dfrischm] [Actual: rwiederh], 
[Row: 125] [Column: 3] [Expected: Daniel Frischman] [Actual: Raymond Wiederhold], 
[Row: 125] [Column: 4] [Expected: Collateral Management] [Actual: Middle Office], 
[Row: 126] [Column: 1] [Expected: 6,798] [Actual: 7,337], 
[Row: 126] [Column: 2] [Expected: spalmrot] [Actual: dfrischm], 
[Row: 126] [Column: 3] [Expected: Stephen Palmroth] [Actual: Daniel Frischman], 
[Row: 126] [Column: 4] [Expected: IT Customer Services &amp; Support] [Actual: Collateral Management], 
[Row: 127] [Column: 1] [Expected: 7,347] [Actual: 6,798], 
[Row: 127] [Column: 2] [Expected: kwojtas] [Actual: spalmrot], 
[Row: 127] [Column: 3] [Expected: Kris Wojtas] [Actual: Stephen Palmroth], 
[Row: 127] [Column: 4] [Expected: Operations] [Actual: IT Customer Services &amp; Support], 
[Row: 127] [Column: 5] [Expected: 10 NBS] [Actual: 200 Elm], 
[Row: 128] [Column: 1] [Expected: 7,312] [Actual: 7,347], 
[Row: 128] [Column: 2] [Expected: czhang] [Actual: kwojtas], 
[Row: 128] [Column: 3] [Expected: Cheng (Craig) Zhang (Citco)] [Actual: Kris Wojtas], 
[Row: 128] [Column: 4] [Expected: CITCO] [Actual: Operations], 
[Row: 128] [Column: 5] [Expected: CITCO HFX - DIV] [Actual: 10 NBS], 
[Row: 129] [Column: 1] [Expected: 7,350] [Actual: 7,312], 
[Row: 129] [Column: 2] [Expected: ghuang] [Actual: czhang], 
[Row: 129] [Column: 3] [Expected: Gengwei (Kevin) Huang (Citco)] [Actual: Cheng (Craig) Zhang (Citco)], 
[Row: 130] [Column: 1] [Expected: 7,342] [Actual: 7,350], 
[Row: 130] [Column: 2] [Expected: jgalvin] [Actual: ghuang], 
[Row: 130] [Column: 3] [Expected: James Galvin (Citco)] [Actual: Gengwei (Kevin) Huang (Citco)], 
[Row: 130] [Column: 5] [Expected: CITCO NJ - OPS] [Actual: CITCO HFX - DIV], 
[Row: 131] [Column: 1] [Expected: 7,365] [Actual: 7,342], 
[Row: 131] [Column: 2] [Expected: tseto] [Actual: jgalvin], 
[Row: 131] [Column: 3] [Expected: Tim Seto] [Actual: James Galvin (Citco)], 
[Row: 131] [Column: 4] [Expected: Treasury / Credit] [Actual: CITCO], 
[Row: 131] [Column: 5] [Expected: 51 Astor Place] [Actual: CITCO NJ - OPS], 
[Row: 132] [Column: 1] [Expected: 4,141] [Actual: 7,365], 
[Row: 132] [Column: 2] [Expected: tlodge] [Actual: tseto], 
[Row: 132] [Column: 3] [Expected: Toby Lodge] [Actual: Tim Seto], 
[Row: 132] [Column: 4] [Expected: Tax] [Actual: Treasury / Credit], 
[Row: 132] [Column: 5] [Expected: 10 NBS] [Actual: 51 Astor Place], 
[Row: 133] [Column: 1] [Expected: 7,375] [Actual: 4,141], 
[Row: 133] [Column: 2] [Expected: bchee] [Actual: tlodge], 
[Row: 133] [Column: 3] [Expected: Ben Chee] [Actual: Toby Lodge], 
[Row: 133] [Column: 4] [Expected: Operations] [Actual: Tax], 
[Row: 133] [Column: 5] [Expected: Singapore] [Actual: 10 NBS], 
[Row: 134] [Column: 1] [Expected: 6,923] [Actual: 7,375], 
[Row: 134] [Column: 2] [Expected: dkostic] [Actual: bchee], 
[Row: 134] [Column: 3] [Expected: Dejan Kostic (Accordia)] [Actual: Ben Chee], 
[Row: 134] [Column: 4] [Expected: IT Customer Services &amp; Support] [Actual: Operations], 
[Row: 134] [Column: 5] [Expected: Offsite - Non-US Office] [Actual: Singapore], 
[Row: 135] [Column: 1] [Expected: 7,386] [Actual: 6,923], 
[Row: 135] [Column: 2] [Expected: robertm] [Actual: dkostic], 
[Row: 135] [Column: 3] [Expected: Robert McHale] [Actual: Dejan Kostic (Accordia)], 
[Row: 135] [Column: 4] [Expected: Middle Office] [Actual: IT Customer Services &amp; Support], 
[Row: 135] [Column: 5] [Expected: 51 Astor Place] [Actual: Offsite - Non-US Office], 
[Row: 136] [Column: 1] [Expected: 7,391] [Actual: 7,386], 
[Row: 136] [Column: 2] [Expected: kvega] [Actual: robertm], 
[Row: 136] [Column: 3] [Expected: Krizia Kaye Vega (Citco)] [Actual: Robert McHale], 
[Row: 136] [Column: 4] [Expected: CITCO] [Actual: Middle Office], 
[Row: 136] [Column: 5] [Expected: CITCO MNL - RPT] [Actual: 51 Astor Place], 
[Row: 137] [Column: 1] [Expected: 7,390] [Actual: 7,391], 
[Row: 137] [Column: 2] [Expected: avong] [Actual: kvega], 
[Row: 137] [Column: 3] [Expected: Anthony Vong (Citco)] [Actual: Krizia Kaye Vega (Citco)], 
[Row: 137] [Column: 5] [Expected: CITCO MAL - RPT] [Actual: CITCO MNL - RPT], 
[Row: 138] [Column: 1] [Expected: 7,408] [Actual: 7,390], 
[Row: 138] [Column: 2] [Expected: kjackson] [Actual: avong], 
[Row: 138] [Column: 3] [Expected: Keith Jackson (Citco)] [Actual: Anthony Vong (Citco)], 
[Row: 138] [Column: 5] [Expected: CITCO NJ - OPS] [Actual: CITCO MAL - RPT], 
[Row: 139] [Column: 1] [Expected: 5,924] [Actual: 7,408], 
[Row: 139] [Column: 2] [Expected: mnedelto] [Actual: kjackson], 
[Row: 139] [Column: 3] [Expected: Michael Nedelton (CITCO)] [Actual: Keith Jackson (Citco)], 
[Row: 140] [Column: 1] [Expected: 6,295] [Actual: 5,924], 
[Row: 140] [Column: 2] [Expected: dwillis] [Actual: mnedelto], 
[Row: 140] [Column: 3] [Expected: Dominic Willis] [Actual: Michael Nedelton (CITCO)], 
[Row: 140] [Column: 4] [Expected: Trade Support] [Actual: CITCO], 
[Row: 140] [Column: 5] [Expected: 51 Astor Place] [Actual: CITCO NJ - OPS], 
[Row: 141] [Column: 1] [Expected: 7,416] [Actual: 6,295], 
[Row: 141] [Column: 2] [Expected: klaguard] [Actual: dwillis], 
[Row: 141] [Column: 3] [Expected: Kathlynn Laguardia] [Actual: Dominic Willis], 
[Row: 141] [Column: 4] [Expected: IT Customer Services &amp; Support] [Actual: Trade Support], 
[Row: 142] [Column: 1] [Expected: 7,288] [Actual: 7,416], 
[Row: 142] [Column: 2] [Expected: cfu] [Actual: klaguard], 
[Row: 142] [Column: 3] [Expected: Chris Fu (Citco)] [Actual: Kathlynn Laguardia], 
[Row: 142] [Column: 4] [Expected: CITCO] [Actual: IT Customer Services &amp; Support], 
[Row: 142] [Column: 5] [Expected: CITCO NJ - OPS] [Actual: 51 Astor Place], 
[Row: 143] [Column: 1] [Expected: 7,289] [Actual: 7,288], 
[Row: 143] [Column: 2] [Expected: dtellier] [Actual: cfu], 
[Row: 143] [Column: 3] [Expected: Daniel Tellier (Citco)] [Actual: Chris Fu (Citco)], 
[Row: 144] [Column: 1] [Expected: 7,424] [Actual: 7,289], 
[Row: 144] [Column: 2] [Expected: mdowling] [Actual: dtellier], 
[Row: 144] [Column: 3] [Expected: Mike Dowling (Citco)] [Actual: Daniel Tellier (Citco)], 
[Row: 145] [Column: 1] [Expected: 7,399] [Actual: 7,424], 
[Row: 145] [Column: 2] [Expected: aleung] [Actual: mdowling], 
[Row: 145] [Column: 3] [Expected: Andrew Leung (Citco)] [Actual: Mike Dowling (Citco)], 
[Row: 145] [Column: 5] [Expected: CITCO NJ - MO] [Actual: CITCO NJ - OPS], 
[Row: 146] [Column: 1] [Expected: 7,435] [Actual: 7,399], 
[Row: 146] [Column: 2] [Expected: kemery] [Actual: aleung], 
[Row: 146] [Column: 3] [Expected: Kyle Emery] [Actual: Andrew Leung (Citco)], 
[Row: 146] [Column: 4] [Expected: Middle Office] [Actual: CITCO], 
[Row: 146] [Column: 5] [Expected: 51 Astor Place] [Actual: CITCO NJ - MO], 
[Row: 147] [Column: 1] [Expected: 7,400] [Actual: 7,435], 
[Row: 147] [Column: 2] [Expected: ajoseph] [Actual: kemery], 
[Row: 147] [Column: 3] [Expected: Anil Joseph] [Actual: Kyle Emery], 
[Row: 147] [Column: 4] [Expected: Tax] [Actual: Middle Office], 
[Row: 147] [Column: 5] [Expected: 200 Elm] [Actual: 51 Astor Place], 
[Row: 148] [Column: 1] [Expected: 7,451] [Actual: 7,400], 
[Row: 148] [Column: 2] [Expected: seano] [Actual: ajoseph], 
[Row: 148] [Column: 3] [Expected: Sean O&#039;Neil] [Actual: Anil Joseph], 
[Row: 148] [Column: 4] [Expected: CITCO] [Actual: Tax], 
[Row: 148] [Column: 5] [Expected: CITCO HFX - OPS] [Actual: 200 Elm], 
[Row: 149] [Column: 1] [Expected: 7,448] [Actual: 7,451], 
[Row: 149] [Column: 2] [Expected: yujiang] [Actual: seano], 
[Row: 149] [Column: 3] [Expected: Yulin Jiang] [Actual: Sean O&#039;Neil], 
[Row: 149] [Column: 4] [Expected: Portfolio Oversight] [Actual: CITCO], 
[Row: 149] [Column: 5] [Expected: 51 Astor Place] [Actual: CITCO HFX - OPS], 
[Row: 150] [Column: 1] [Expected: 7,500] [Actual: 7,448], 
[Row: 150] [Column: 2] [Expected: anelson] [Actual: yujiang], 
[Row: 150] [Column: 3] [Expected: Alex Nelson] [Actual: Yulin Jiang], 
[Row: 150] [Column: 4] [Expected: IT Data Services] [Actual: Portfolio Oversight], 
[Row: 150] [Column: 5] [Expected: 200 Elm] [Actual: 51 Astor Place], 
[Row: 151] [Column: 1] [Expected: 7,503] [Actual: 7,500], 
[Row: 151] [Column: 2] [Expected: nkapadia] [Actual: anelson], 
[Row: 151] [Column: 3] [Expected: Nikhil Kapadia (CITCO)] [Actual: Alex Nelson], 
[Row: 151] [Column: 4] [Expected: CITCO] [Actual: IT Data Services], 
[Row: 151] [Column: 5] [Expected: CITCO NJ - OPS] [Actual: 200 Elm], 
[Row: 152] [Column: 1] [Expected: 7,504] [Actual: 7,503], 
[Row: 152] [Column: 2] [Expected: sandeeps] [Actual: nkapadia], 
[Row: 152] [Column: 3] [Expected: Sandeep Sharma (CITCO)] [Actual: Nikhil Kapadia (CITCO)], 
[Row: 153] [Column: 1] [Expected: 7,497] [Actual: 7,504], 
[Row: 153] [Column: 2] [Expected: mvulovic] [Actual: sandeeps], 
[Row: 153] [Column: 3] [Expected: Mirko Vulovic (Accordia)] [Actual: Sandeep Sharma (CITCO)], 
[Row: 153] [Column: 4] [Expected: Software Development] [Actual: CITCO], 
[Row: 153] [Column: 5] [Expected: Offsite - US Office] [Actual: CITCO NJ - OPS], 
[Row: 154] [Column: 1] [Expected: 7,544] [Actual: 7,497], 
[Row: 154] [Column: 2] [Expected: jtabarno] [Actual: mvulovic], 
[Row: 154] [Column: 3] [Expected: Joanne Tabarno (Citco)] [Actual: Mirko Vulovic (Accordia)], 
[Row: 154] [Column: 4] [Expected: CITCO] [Actual: Software Development], 
[Row: 154] [Column: 5] [Expected: CITCO MNL - RPT] [Actual: Offsite - US Office], 
[Row: 155] [Column: 1] [Expected: 7,541] [Actual: 7,544], 
[Row: 155] [Column: 2] [Expected: vvincent] [Actual: jtabarno], 
[Row: 155] [Column: 3] [Expected: Valerian Vincent (Citco)] [Actual: Joanne Tabarno (Citco)], 
[Row: 155] [Column: 5] [Expected: CITCO NJ - OPS] [Actual: CITCO MNL - RPT], 
[Row: 156] [Column: 1] [Expected: 7,542] [Actual: 7,541], 
[Row: 156] [Column: 2] [Expected: nitins] [Actual: vvincent], 
[Row: 156] [Column: 3] [Expected: Nitin Singh (Citco)] [Actual: Valerian Vincent (Citco)], 
[Row: 157] [Column: 1] [Expected: 7,556] [Actual: 7,542], 
[Row: 157] [Column: 2] [Expected: poonams] [Actual: nitins], 
[Row: 157] [Column: 3] [Expected: Poonam Sharma] [Actual: Nitin Singh (Citco)], 
[Row: 157] [Column: 4] [Expected: Legal and Compliance] [Actual: CITCO], 
[Row: 157] [Column: 5] [Expected: 51 Astor Place] [Actual: CITCO NJ - OPS], 
[Row: 158] [Column: 1] [Expected: 7,585] [Actual: 7,556], 
[Row: 158] [Column: 2] [Expected: shouston] [Actual: poonams], 
[Row: 158] [Column: 3] [Expected: Stuart Houston] [Actual: Poonam Sharma], 
[Row: 158] [Column: 4] [Expected: Operations] [Actual: Legal and Compliance], 
[Row: 158] [Column: 5] [Expected: 10 NBS] [Actual: 51 Astor Place], 
[Row: 159] [Column: 1] [Expected: 7,599] [Actual: 7,585], 
[Row: 159] [Column: 2] [Expected: jyung] [Actual: shouston], 
[Row: 159] [Column: 3] [Expected: Jonathan Yung] [Actual: Stuart Houston], 
[Row: 159] [Column: 4] [Expected: Middle Office] [Actual: Operations], 
[Row: 160] [Column: 1] [Expected: 7,616] [Actual: 7,599], 
[Row: 160] [Column: 2] [Expected: pdurnfor] [Actual: jyung], 
[Row: 160] [Column: 3] [Expected: Piers Durnford] [Actual: Jonathan Yung], 
[Row: 160] [Column: 4] [Expected: Operations] [Actual: Middle Office], 
[Row: 161] [Column: 1] [Expected: 6,859] [Actual: 7,616], 
[Row: 161] [Column: 2] [Expected: lfranco] [Actual: pdurnfor], 
[Row: 161] [Column: 3] [Expected: Lori Franco] [Actual: Piers Durnford], 
[Row: 161] [Column: 4] [Expected: Financial Reporting] [Actual: Operations], 
[Row: 161] [Column: 5] [Expected: Palm Beach] [Actual: 10 NBS], 
[Row: 162] [Column: 1] [Expected: 7,629] [Actual: 6,859], 
[Row: 162] [Column: 2] [Expected: smuthu] [Actual: lfranco], 
[Row: 162] [Column: 3] [Expected: Shankar Muthu] [Actual: Lori Franco], 
[Row: 162] [Column: 4] [Expected: IT Customer Services &amp; Support] [Actual: Financial Reporting], 
[Row: 162] [Column: 5] [Expected: Singapore] [Actual: Palm Beach], 
[Row: 163] [Column: 1] [Expected: 6,358] [Actual: 7,629], 
[Row: 163] [Column: 2] [Expected: ikorzhev] [Actual: smuthu], 
[Row: 163] [Column: 3] [Expected: Inna Korzhevskaya] [Actual: Shankar Muthu], 
[Row: 163] [Column: 4] [Expected: Tax] [Actual: IT Customer Services &amp; Support], 
[Row: 163] [Column: 5] [Expected: 10 NBS] [Actual: Singapore], 
[Row: 164] [Column: 1] [Expected: 7,352] [Actual: 6,358], 
[Row: 164] [Column: 2] [Expected: ischuckm] [Actual: ikorzhev], 
[Row: 164] [Column: 3] [Expected: Ivy Schuckman (Untract Early)] [Actual: Inna Korzhevskaya], 
[Row: 164] [Column: 4] [Expected: Financial Reporting] [Actual: Tax], 
[Row: 164] [Column: 5] [Expected: Offsite - US Office] [Actual: 10 NBS], 
[Row: 165] [Column: 1] [Expected: 7,358] [Actual: 7,352], 
[Row: 165] [Column: 2] [Expected: rslootma] [Actual: ischuckm], 
[Row: 165] [Column: 3] [Expected: Robert Slootmaker (Untracht Early)] [Actual: Ivy Schuckman (Untract Early)], 
[Row: 166] [Column: 1] [Expected: 7,353] [Actual: 7,358], 
[Row: 166] [Column: 2] [Expected: adevita] [Actual: rslootma], 
[Row: 166] [Column: 3] [Expected: Adria DeVita (Untracht Early)] [Actual: Robert Slootmaker (Untracht Early)], 
[Row: 167] [Column: 1] [Expected: 7,631] [Actual: 7,353], 
[Row: 167] [Column: 2] [Expected: zrankov] [Actual: adevita], 
[Row: 167] [Column: 3] [Expected: Zdravko Rankov] [Actual: Adria DeVita (Untracht Early)], 
[Row: 167] [Column: 4] [Expected: IT Data Services] [Actual: Financial Reporting], 
[Row: 167] [Column: 5] [Expected: 10 NBS] [Actual: Offsite - US Office], 
[Row: 168] [Column: 1] [Expected: 7,551] [Actual: 7,631], 
[Row: 168] [Column: 2] [Expected: elam] [Actual: zrankov], 
[Row: 168] [Column: 3] [Expected: Eric Lam (Citco)] [Actual: Zdravko Rankov], 
[Row: 168] [Column: 4] [Expected: CITCO] [Actual: IT Data Services], 
[Row: 168] [Column: 5] [Expected: CITCO NJ - MO] [Actual: 10 NBS], 
[Row: 169] [Column: 1] [Expected: 7,547] [Actual: 7,551], 
[Row: 169] [Column: 2] [Expected: mzhou] [Actual: elam], 
[Row: 169] [Column: 3] [Expected: Mingyi Zhou (Citco)] [Actual: Eric Lam (Citco)], 
[Row: 170] [Column: 1] [Expected: 7,548] [Actual: 7,547], 
[Row: 170] [Column: 2] [Expected: shenry] [Actual: mzhou], 
[Row: 170] [Column: 3] [Expected: Spencer Henry (Citco)] [Actual: Mingyi Zhou (Citco)], 
[Row: 171] [Column: 1] [Expected: 7,357] [Actual: 7,548], 
[Row: 171] [Column: 2] [Expected: swalker] [Actual: shenry], 
[Row: 171] [Column: 3] [Expected: Steven Walker (Untracht Early)] [Actual: Spencer Henry (Citco)], 
[Row: 171] [Column: 4] [Expected: Financial Reporting] [Actual: CITCO], 
[Row: 171] [Column: 5] [Expected: Offsite - US Office] [Actual: CITCO NJ - MO], 
[Row: 172] [Column: 1] [Expected: 7,579] [Actual: 7,357], 
[Row: 172] [Column: 2] [Expected: cmckinle] [Actual: swalker], 
[Row: 172] [Column: 3] [Expected: Colin McKinley] [Actual: Steven Walker (Untracht Early)], 
[Row: 172] [Column: 4] [Expected: Software Development] [Actual: Financial Reporting], 
[Row: 172] [Column: 5] [Expected: 200 Elm] [Actual: Offsite - US Office], 
[Row: 173] [Column: 1] [Expected: 7,657] [Actual: 7,579], 
[Row: 173] [Column: 2] [Expected: ihadero] [Actual: cmckinle], 
[Row: 173] [Column: 3] [Expected: Isral Hadero (Citco)] [Actual: Colin McKinley], 
[Row: 173] [Column: 4] [Expected: CITCO] [Actual: Software Development], 
[Row: 173] [Column: 5] [Expected: CITCO MAL - RPT] [Actual: 200 Elm], 
[Row: 174] [Column: 1] [Expected: 7,669] [Actual: 7,657], 
[Row: 174] [Column: 2] [Expected: amyz] [Actual: ihadero], 
[Row: 174] [Column: 3] [Expected: Amy Zhang] [Actual: Isral Hadero (Citco)], 
[Row: 174] [Column: 4] [Expected: Tax] [Actual: CITCO], 
[Row: 174] [Column: 5] [Expected: 200 Elm] [Actual: CITCO MAL - RPT], 
[Row: 175] [Column: 1] [Expected: 7,441] [Actual: 7,669], 
[Row: 175] [Column: 2] [Expected: cscala] [Actual: amyz], 
[Row: 175] [Column: 3] [Expected: Chelsea Scala] [Actual: Amy Zhang], 
[Row: 175] [Column: 4] [Expected: IT Data Services] [Actual: Tax], 
[Row: 176] [Column: 1] [Expected: 7,689] [Actual: 7,441], 
[Row: 176] [Column: 2] [Expected: hthompso] [Actual: cscala], 
[Row: 176] [Column: 3] [Expected: Hector Thompson] [Actual: Chelsea Scala], 
[Row: 176] [Column: 4] [Expected: Legal and Compliance] [Actual: IT Data Services], 
[Row: 176] [Column: 5] [Expected: 10 NBS] [Actual: 200 Elm], 
[Row: 177] [Column: 1] [Expected: 7,604] [Actual: 7,689], 
[Row: 177] [Column: 2] [Expected: djanjevi] [Actual: hthompso], 
[Row: 177] [Column: 3] [Expected: Dragoje Janjevic (Accordia)] [Actual: Hector Thompson], 
[Row: 177] [Column: 4] [Expected: Business Mgmt and Analysis] [Actual: Legal and Compliance], 
[Row: 177] [Column: 5] [Expected: Offsite - Non-US Office] [Actual: 10 NBS], 
[Row: 178] [Column: 1] [Expected: 7,687] [Actual: 7,604], 
[Row: 178] [Column: 2] [Expected: pprykhod] [Actual: djanjevi], 
[Row: 178] [Column: 3] [Expected: Petro Prykhodko (Luxoft)] [Actual: Dragoje Janjevic (Accordia)], 
[Row: 178] [Column: 4] [Expected: Software Development] [Actual: Business Mgmt and Analysis], 
[Row: 179] [Column: 1] [Expected: 7,705] [Actual: 7,687], 
[Row: 179] [Column: 2] [Expected: aravisha] [Actual: pprykhod], 
[Row: 179] [Column: 3] [Expected: Aditi Ravishankar] [Actual: Petro Prykhodko (Luxoft)], 
[Row: 179] [Column: 4] [Expected: Risk Management] [Actual: Software Development], 
[Row: 179] [Column: 5] [Expected: 10 NBS] [Actual: Offsite - Non-US Office], 
[Row: 180] [Column: 1] [Expected: 1,022] [Actual: 7,705], 
[Row: 180] [Column: 2] [Expected: mluizza] [Actual: aravisha], 
[Row: 180] [Column: 3] [Expected: Matthew Luizza] [Actual: Aditi Ravishankar], 
[Row: 180] [Column: 4] [Expected: Facilities] [Actual: Risk Management], 
[Row: 180] [Column: 5] [Expected: 200 Elm] [Actual: 10 NBS], 
[Row: 181] [Column: 1] [Expected: 7,736] [Actual: 1,022], 
[Row: 181] [Column: 2] [Expected: rchauhan] [Actual: mluizza], 
[Row: 181] [Column: 3] [Expected: Rahul Chauhan] [Actual: Matthew Luizza], 
[Row: 181] [Column: 4] [Expected: Risk Management] [Actual: Facilities], 
[Row: 181] [Column: 5] [Expected: 51 Astor Place] [Actual: 200 Elm], 
[Row: 182] [Column: 1] [Expected: 7,721] [Actual: 7,736], 
[Row: 182] [Column: 2] [Expected: rbelchad] [Actual: rchauhan], 
[Row: 182] [Column: 3] [Expected: Rahul Belchade (Citco)] [Actual: Rahul Chauhan], 
[Row: 182] [Column: 4] [Expected: CITCO] [Actual: Risk Management], 
[Row: 182] [Column: 5] [Expected: CITCO NJ - OPS] [Actual: 51 Astor Place], 
[Row: 183] [Column: 1] [Expected: 7,747] [Actual: 7,721], 
[Row: 183] [Column: 2] [Expected: smcauley] [Actual: rbelchad], 
[Row: 183] [Column: 3] [Expected: Shawn McAuley] [Actual: Rahul Belchade (Citco)], 
[Row: 183] [Column: 4] [Expected: Financial Reporting] [Actual: CITCO], 
[Row: 183] [Column: 5] [Expected: 200 Elm] [Actual: CITCO NJ - OPS], 
[Row: 184] [Column: 1] [Expected: 7,748] [Actual: 7,747], 
[Row: 184] [Column: 2] [Expected: ssilva] [Actual: smcauley], 
[Row: 184] [Column: 3] [Expected: Stephanie Silva] [Actual: Shawn McAuley], 
[Row: 184] [Column: 4] [Expected: Facilities] [Actual: Financial Reporting], 
[Row: 185] [Column: 1] [Expected: 7,746] [Actual: 7,748], 
[Row: 185] [Column: 2] [Expected: smazumda] [Actual: ssilva], 
[Row: 185] [Column: 3] [Expected: Sanjay Mazumdar] [Actual: Stephanie Silva], 
[Row: 185] [Column: 4] [Expected: Business Mgmt and Analysis] [Actual: Facilities], 
[Row: 185] [Column: 5] [Expected: 10 NBS] [Actual: 200 Elm], 
[Row: 186] [Column: 1] [Expected: 7,613] [Actual: 7,746], 
[Row: 186] [Column: 2] [Expected: oyurkivs] [Actual: smazumda], 
[Row: 186] [Column: 3] [Expected: Oleg Yurkivskyy (Luxoft)] [Actual: Sanjay Mazumdar], 
[Row: 186] [Column: 4] [Expected: Software Development] [Actual: Business Mgmt and Analysis], 
[Row: 186] [Column: 5] [Expected: Offsite - Non-US Office] [Actual: 10 NBS], 
[Row: 187] [Column: 1] [Expected: 4,777] [Actual: 7,613], 
[Row: 187] [Column: 2] [Expected: mtyson] [Actual: oyurkivs], 
[Row: 187] [Column: 3] [Expected: Matthew Tyson] [Actual: Oleg Yurkivskyy (Luxoft)], 
[Row: 187] [Column: 4] [Expected: IT Customer Services &amp; Support] [Actual: Software Development], 
[Row: 187] [Column: 5] [Expected: 200 Elm] [Actual: Offsite - Non-US Office], 
[Row: 188] [Column: 1] [Expected: 7,757] [Actual: 4,777], 
[Row: 188] [Column: 2] [Expected: asai] [Actual: mtyson], 
[Row: 188] [Column: 3] [Expected: Ambika Sai (NIIT)] [Actual: Matthew Tyson], 
[Row: 188] [Column: 4] [Expected: IT Data Services] [Actual: IT Customer Services &amp; Support], 
[Row: 188] [Column: 5] [Expected: Offsite - Non-US Office] [Actual: 200 Elm], 
[Row: 189] [Column: 1] [Expected: 7,696] [Actual: 7,757], 
[Row: 189] [Column: 2] [Expected: melissar] [Actual: asai], 
[Row: 189] [Column: 3] [Expected: Melissa Rivera (Citco)] [Actual: Ambika Sai (NIIT)], 
[Row: 189] [Column: 4] [Expected: CITCO] [Actual: IT Data Services], 
[Row: 189] [Column: 5] [Expected: CITCO MNL - RPT] [Actual: Offsite - Non-US Office], 
[Row: 190] [Column: 1] [Expected: 7,700] [Actual: 7,696], 
[Row: 190] [Column: 2] [Expected: nyacoub] [Actual: melissar], 
[Row: 190] [Column: 3] [Expected: Nour Yacoub] [Actual: Melissa Rivera (Citco)], 
[Row: 190] [Column: 4] [Expected: Tax] [Actual: CITCO], 
[Row: 190] [Column: 5] [Expected: 200 Elm] [Actual: CITCO MNL - RPT], 
[Row: 191] [Column: 1] [Expected: 7,771] [Actual: 7,700], 
[Row: 191] [Column: 2] [Expected: aadil] [Actual: nyacoub], 
[Row: 191] [Column: 3] [Expected: Azfar Adil] [Actual: Nour Yacoub], 
[Row: 191] [Column: 4] [Expected: Risk Management] [Actual: Tax], 
[Row: 191] [Column: 5] [Expected: 51 Astor Place] [Actual: 200 Elm], 
[Row: 192] [Column: 1] [Expected: 7,105] [Actual: 7,771], 
[Row: 192] [Column: 2] [Expected: swithers] [Actual: aadil], 
[Row: 192] [Column: 3] [Expected: Skye Withers] [Actual: Azfar Adil], 
[Row: 192] [Column: 4] [Expected: IT Customer Services &amp; Support] [Actual: Risk Management], 
[Row: 192] [Column: 5] [Expected: 10 NBS] [Actual: 51 Astor Place], 
[Row: 193] [Column: 1] [Expected: 7,778] [Actual: 7,105], 
[Row: 193] [Column: 2] [Expected: jche] [Actual: swithers], 
[Row: 193] [Column: 3] [Expected: Joy Che] [Actual: Skye Withers], 
[Row: 193] [Column: 4] [Expected: Middle Office] [Actual: IT Customer Services &amp; Support], 
[Row: 193] [Column: 5] [Expected: 51 Astor Place] [Actual: 10 NBS], 
[Row: 194] [Column: 1] [Expected: 7,783] [Actual: 7,778], 
[Row: 194] [Column: 2] [Expected: mdimassi] [Actual: jche], 
[Row: 194] [Column: 3] [Expected: Menel Dimassi] [Actual: Joy Che], 
[Row: 194] [Column: 4] [Expected: Operations] [Actual: Middle Office], 
[Row: 194] [Column: 5] [Expected: 200 Elm] [Actual: 51 Astor Place], 
[Row: 195] [Column: 1] [Expected: 7,780] [Actual: 7,783], 
[Row: 195] [Column: 2] [Expected: jtodd] [Actual: mdimassi], 
[Row: 195] [Column: 3] [Expected: Jason Todd] [Actual: Menel Dimassi], 
[Row: 195] [Column: 4] [Expected: Office of the CTO] [Actual: Operations], 
[Row: 196] [Column: 1] [Expected: 7,777] [Actual: 7,780], 
[Row: 196] [Column: 2] [Expected: jhaynes] [Actual: jtodd], 
[Row: 196] [Column: 3] [Expected: John Haynes (ExHI)] [Actual: Jason Todd], 
[Row: 196] [Column: 4] [Expected: Software Development] [Actual: Office of the CTO], 
[Row: 196] [Column: 5] [Expected: Offsite - US Office] [Actual: 200 Elm], 
[Row: 197] [Column: 1] [Expected: 7,768] [Actual: 7,777], 
[Row: 197] [Column: 2] [Expected: bbednar] [Actual: jhaynes], 
[Row: 197] [Column: 3] [Expected: Brianna Bednar (EY)] [Actual: John Haynes (ExHI)], 
[Row: 197] [Column: 4] [Expected: Financial Reporting] [Actual: Software Development], 
[Row: 198] [Column: 1] [Expected: 7,767] [Actual: 7,768], 
[Row: 198] [Column: 2] [Expected: acicchet] [Actual: bbednar], 
[Row: 198] [Column: 3] [Expected: Anthony Cicchetti (EY)] [Actual: Brianna Bednar (EY)], 
[Row: 199] [Column: 1] [Expected: 6,939] [Actual: 7,767], 
[Row: 199] [Column: 2] [Expected: dioffe] [Actual: acicchet], 
[Row: 199] [Column: 3] [Expected: Dimitry Ioffe] [Actual: Anthony Cicchetti (EY)], 
[Row: 199] [Column: 4] [Expected: IT Customer Services &amp; Support] [Actual: Financial Reporting], 
[Row: 199] [Column: 5] [Expected: 51 Astor Place] [Actual: Offsite - US Office], 
[Row: 200] [Column: 1] [Expected: 7,672] [Actual: 6,939], 
[Row: 200] [Column: 2] [Expected: rhanraha] [Actual: dioffe], 
[Row: 200] [Column: 3] [Expected: Ryan Hanrahan (Citco)] [Actual: Dimitry Ioffe], 
[Row: 200] [Column: 4] [Expected: CITCO] [Actual: IT Customer Services &amp; Support], 
[Row: 200] [Column: 5] [Expected: CITCO MAL - RPT] [Actual: 51 Astor Place], 
[Row: 201] [Column: 1] [Expected: 7,812] [Actual: 7,672], 
[Row: 201] [Column: 2] [Expected: jwang] [Actual: rhanraha], 
[Row: 201] [Column: 3] [Expected: Jue Wang (Citco)] [Actual: Ryan Hanrahan (Citco)], 
[Row: 201] [Column: 5] [Expected: CITCO NJ - OPS] [Actual: CITCO MAL - RPT], 
[Row: 202] [Column: 1] [Expected: 7,321] [Actual: 7,812], 
[Row: 202] [Column: 2] [Expected: lcompani] [Actual: jwang], 
[Row: 202] [Column: 3] [Expected: Lisa Companion (Citco)] [Actual: Jue Wang (Citco)], 
[Row: 202] [Column: 5] [Expected: CITCO HFX - DIV] [Actual: CITCO NJ - OPS], 
[Row: 203] [Column: 1] [Expected: 7,271] [Actual: 7,321], 
[Row: 203] [Column: 2] [Expected: mzhang] [Actual: lcompani], 
[Row: 203] [Column: 3] [Expected: Muting Zhang (Citco)] [Actual: Lisa Companion (Citco)], 
[Row: 203] [Column: 5] [Expected: CITCO HFX - OPS] [Actual: CITCO HFX - DIV], 
[Row: 204] [Column: 1] [Expected: 7,199] [Actual: 7,271], 
[Row: 204] [Column: 2] [Expected: jbardos] [Actual: mzhang], 
[Row: 204] [Column: 3] [Expected: Jacob Bardos (Citco)] [Actual: Muting Zhang (Citco)], 
[Row: 205] [Column: 1] [Expected: 7,772] [Actual: 7,199], 
[Row: 205] [Column: 2] [Expected: xxue] [Actual: jbardos], 
[Row: 205] [Column: 3] [Expected: Xiaojun Xue (Citco)] [Actual: Jacob Bardos (Citco)], 
[Row: 205] [Column: 5] [Expected: CITCO HFX - DIV] [Actual: CITCO HFX - OPS], 
[Row: 206] [Column: 1] [Expected: 7,635] [Actual: 7,772], 
[Row: 206] [Column: 2] [Expected: jmacinty] [Actual: xxue], 
[Row: 206] [Column: 3] [Expected: Josh Macintyre (Citco)] [Actual: Xiaojun Xue (Citco)], 
[Row: 207] [Column: 1] [Expected: 7,811] [Actual: 7,635], 
[Row: 207] [Column: 2] [Expected: achanged] [Actual: jmacinty], 
[Row: 207] [Column: 3] [Expected: Abhishek Changede (Citco)] [Actual: Josh Macintyre (Citco)], 
[Row: 207] [Column: 5] [Expected: CITCO MLA - OPS] [Actual: CITCO HFX - DIV], 
[Row: 208] [Column: 1] [Expected: 7,813] [Actual: 7,811], 
[Row: 208] [Column: 2] [Expected: rqu] [Actual: achanged], 
[Row: 208] [Column: 3] [Expected: Ruixuan Qu (Citco)] [Actual: Abhishek Changede (Citco)], 
[Row: 208] [Column: 5] [Expected: CITCO NJ - OPS] [Actual: CITCO MLA - OPS], 
[Row: 209] [Column: 1] [Expected: 7,823] [Actual: 7,813], 
[Row: 209] [Column: 2] [Expected: ssingh] [Actual: rqu], 
[Row: 209] [Column: 3] [Expected: Swati Singh (NIIT)] [Actual: Ruixuan Qu (Citco)], 
[Row: 209] [Column: 4] [Expected: IT Data Services] [Actual: CITCO], 
[Row: 209] [Column: 5] [Expected: Offsite - Non-US Office] [Actual: CITCO NJ - OPS], 
[Row: 210] [Column: 1] [Expected: 7,822] [Actual: 7,823], 
[Row: 210] [Column: 2] [Expected: kmalhotr] [Actual: ssingh], 
[Row: 210] [Column: 3] [Expected: Kartik Malhotra (NIIT)] [Actual: Swati Singh (NIIT)], 
[Row: 211] [Column: 1] [Expected: 7,739] [Actual: 7,822], 
[Row: 211] [Column: 2] [Expected: jtartagl] [Actual: kmalhotr], 
[Row: 211] [Column: 3] [Expected: John Tartaglia] [Actual: Kartik Malhotra (NIIT)], 
[Row: 211] [Column: 4] [Expected: Collateral Management] [Actual: IT Data Services], 
[Row: 211] [Column: 5] [Expected: Offsite - US Office] [Actual: Offsite - Non-US Office], 
[Row: 212] [Column: 1] [Expected: 7,832] [Actual: 7,739], 
[Row: 212] [Column: 2] [Expected: vsharma] [Actual: jtartagl], 
[Row: 212] [Column: 3] [Expected: Vishal Sharma (Citco)] [Actual: John Tartaglia], 
[Row: 212] [Column: 4] [Expected: CITCO] [Actual: Collateral Management], 
[Row: 212] [Column: 5] [Expected: CITCO NJ - OPS] [Actual: Offsite - US Office], 
[Row: 213] [Column: 1] [Expected: 7,831] [Actual: 7,832], 
[Row: 213] [Column: 2] [Expected: sbiswas] [Actual: vsharma], 
[Row: 213] [Column: 3] [Expected: Sandeepan Biswas (Citco)] [Actual: Vishal Sharma (Citco)], 
[Row: 214] [Column: 1] [Expected: 7,836] [Actual: 7,831], 
[Row: 214] [Column: 2] [Expected: dovadyk] [Actual: sbiswas], 
[Row: 214] [Column: 3] [Expected: Dmytro Ovadyk (Luxoft)] [Actual: Sandeepan Biswas (Citco)], 
[Row: 214] [Column: 4] [Expected: Software Development] [Actual: CITCO], 
[Row: 214] [Column: 5] [Expected: Offsite - Non-US Office] [Actual: CITCO NJ - OPS], 
[Row: 215] [Column: 1] [Expected: 5,769] [Actual: 7,836], 
[Row: 215] [Column: 2] [Expected: chrisd] [Actual: dovadyk], 
[Row: 215] [Column: 3] [Expected: Chris Davis] [Actual: Dmytro Ovadyk (Luxoft)], 
[Row: 215] [Column: 4] [Expected: Legal and Compliance] [Actual: Software Development], 
[Row: 215] [Column: 5] [Expected: 51 Astor Place] [Actual: Offsite - Non-US Office], 
[Row: 216] [Column: 1] [Expected: 7,027] [Actual: 5,769], 
[Row: 216] [Column: 2] [Expected: jsandhu] [Actual: chrisd], 
[Row: 216] [Column: 3] [Expected: Jujhar Sandhu] [Actual: Chris Davis], 
[Row: 216] [Column: 4] [Expected: Software Development] [Actual: Legal and Compliance], 
[Row: 216] [Column: 5] [Expected: 10 NBS] [Actual: 51 Astor Place], 
[Row: 217] [Column: 1] [Expected: 7,841] [Actual: 7,027], 
[Row: 217] [Column: 2] [Expected: gdelacer] [Actual: jsandhu], 
[Row: 217] [Column: 3] [Expected: Gabriela De La Cerda] [Actual: Jujhar Sandhu], 
[Row: 218] [Column: 1] [Expected: 7,643] [Actual: 7,841], 
[Row: 218] [Column: 2] [Expected: okiktiev] [Actual: gdelacer], 
[Row: 218] [Column: 3] [Expected: Oleg Kiktiev (Luxoft)] [Actual: Gabriela De La Cerda], 
[Row: 218] [Column: 5] [Expected: Offsite - Non-US Office] [Actual: 10 NBS], 
[Row: 219] [Column: 1] [Expected: 5,904] [Actual: 7,643], 
[Row: 219] [Column: 2] [Expected: edukhan] [Actual: okiktiev], 
[Row: 219] [Column: 3] [Expected: Eduard Dukhan (Open Systems)] [Actual: Oleg Kiktiev (Luxoft)], 
[Row: 219] [Column: 4] [Expected: IT Customer Services &amp; Support] [Actual: Software Development], 
[Row: 219] [Column: 5] [Expected: 51 Astor Place] [Actual: Offsite - Non-US Office], 
[Row: 220] [Column: 1] [Expected: 7,867] [Actual: 5,904], 
[Row: 220] [Column: 2] [Expected: yibrahim] [Actual: edukhan], 
[Row: 220] [Column: 3] [Expected: Yasser Ibrahim] [Actual: Eduard Dukhan (Open Systems)], 
[Row: 220] [Column: 4] [Expected: Operations] [Actual: IT Customer Services &amp; Support], 
[Row: 220] [Column: 5] [Expected: 200 Elm] [Actual: 51 Astor Place], 
[Row: 221] [Column: 1] [Expected: 267] [Actual: 7,867], 
[Row: 221] [Column: 2] [Expected: pjones] [Actual: yibrahim], 
[Row: 221] [Column: 3] [Expected: Paul Jones] [Actual: Yasser Ibrahim], 
[Row: 221] [Column: 4] [Expected: Chief Investment Office] [Actual: Operations], 
[Row: 221] [Column: 5] [Expected: Palm Beach] [Actual: 200 Elm], 
[Row: 221] [Column: 6] [Expected: ! - Most Traders] [Actual: ! - All Traders], 
[Row: 222] [Column: 1] [Expected: 131] [Actual: 267], 
[Row: 222] [Column: 2] [Expected: dcook] [Actual: pjones], 
[Row: 222] [Column: 3] [Expected: Daryl Cook] [Actual: Paul Jones], 
[Row: 222] [Column: 4] [Expected: Systems Trading] [Actual: Chief Investment Office], 
[Row: 222] [Column: 5] [Expected: 10 NBS] [Actual: Palm Beach], 
[Row: 222] [Column: 6] [Expected: FxDesk] [Actual: ! - Most Traders], 
[Row: 223] [Column: 1] [Expected: 1,188] [Actual: 131], 
[Row: 223] [Column: 2] [Expected: mglennan] [Actual: dcook], 
[Row: 223] [Column: 3] [Expected: Mike Glennan] [Actual: Daryl Cook], 
[Row: 223] [Column: 5] [Expected: 200 Elm] [Actual: 10 NBS], 
[Row: 224] [Column: 1] [Expected: 3] [Actual: 1,188], 
[Row: 224] [Column: 2] [Expected: stevee] [Actual: mglennan], 
[Row: 224] [Column: 3] [Expected: Steve Evans] [Actual: Mike Glennan], 
[Row: 225] [Column: 1] [Expected: 5,032] [Actual: 3], 
[Row: 225] [Column: 2] [Expected: abelinky] [Actual: stevee], 
[Row: 225] [Column: 3] [Expected: Alejandro Belinky] [Actual: Steve Evans], 
[Row: 225] [Column: 4] [Expected: Global Macro Trading] [Actual: Systems Trading], 
[Row: 226] [Column: 1] [Expected: 987] [Actual: 5,032], 
[Row: 226] [Column: 2] [Expected: cdodman] [Actual: abelinky], 
[Row: 226] [Column: 3] [Expected: Colleen Dodman] [Actual: Alejandro Belinky], 
[Row: 226] [Column: 4] [Expected: PTJ Personal] [Actual: Global Macro Trading], 
[Row: 226] [Column: 5] [Expected: Greenwich American Center] [Actual: 200 Elm], 
[Row: 226] [Column: 6] [Expected: Hedge] [Actual: FxDesk], 
[Row: 227] [Column: 6] [Expected: Treasury] [Actual: Hedge], 
[Row: 228] [Column: 1] [Expected: 4,478] [Actual: 987], 
[Row: 228] [Column: 2] [Expected: afox] [Actual: cdodman], 
[Row: 228] [Column: 3] [Expected: Ashley Fox] [Actual: Colleen Dodman], 
[Row: 228] [Column: 4] [Expected: Global Macro Trading] [Actual: PTJ Personal], 
[Row: 228] [Column: 5] [Expected: 10 NBS] [Actual: Greenwich American Center], 
[Row: 228] [Column: 6] [Expected: afox] [Actual: Treasury], 
[Row: 229] [Column: 1] [Expected: 1,101] [Actual: 4,478], 
[Row: 229] [Column: 2] [Expected: rjackson] [Actual: afox], 
[Row: 229] [Column: 3] [Expected: Richard Jackson] [Actual: Ashley Fox], 
[Row: 230] [Column: 1] [Expected: 7,507] [Actual: 1,101], 
[Row: 230] [Column: 2] [Expected: joeg] [Actual: rjackson], 
[Row: 230] [Column: 3] [Expected: Joe Goodman] [Actual: Richard Jackson], 
[Row: 231] [Column: 1] [Expected: 7,529] [Actual: 7,507], 
[Row: 231] [Column: 2] [Expected: asiwji] [Actual: joeg], 
[Row: 231] [Column: 3] [Expected: Abbas Siwji] [Actual: Joe Goodman], 
[Row: 231] [Column: 6] [Expected: asiwji] [Actual: afox], 
[Row: 232] [Column: 1] [Expected: 7,524] [Actual: 7,529], 
[Row: 232] [Column: 2] [Expected: cnesti] [Actual: asiwji], 
[Row: 232] [Column: 3] [Expected: Cristiano Nesti] [Actual: Abbas Siwji], 
[Row: 233] [Column: 1] [Expected: 7,071] [Actual: 7,524], 
[Row: 233] [Column: 2] [Expected: atanna] [Actual: cnesti], 
[Row: 233] [Column: 3] [Expected: Amit Tanna] [Actual: Cristiano Nesti], 
[Row: 233] [Column: 6] [Expected: atanna] [Actual: asiwji], 
[Row: 234] [Column: 1] [Expected: 7,715] [Actual: 7,071], 
[Row: 234] [Column: 2] [Expected: plamaa] [Actual: atanna], 
[Row: 234] [Column: 3] [Expected: Patrick Lamaa] [Actual: Amit Tanna], 
[Row: 235] [Column: 1] [Expected: 7,857] [Actual: 7,715], 
[Row: 235] [Column: 2] [Expected: nwanvari] [Actual: plamaa], 
[Row: 235] [Column: 3] [Expected: Neev Wanvari] [Actual: Patrick Lamaa], 
[Row: 236] [Column: 1] [Expected: 6,330] [Actual: 7,857], 
[Row: 236] [Column: 2] [Expected: nbhuta] [Actual: nwanvari], 
[Row: 236] [Column: 3] [Expected: Nick Bhuta] [Actual: Neev Wanvari], 
[Row: 236] [Column: 5] [Expected: 51 Astor Place] [Actual: 10 NBS], 
[Row: 236] [Column: 6] [Expected: bmckenna] [Actual: atanna], 
[Row: 237] [Column: 1] [Expected: 7,827] [Actual: 6,330], 
[Row: 237] [Column: 2] [Expected: bmckenna] [Actual: nbhuta], 
[Row: 237] [Column: 3] [Expected: Bill McKenna] [Actual: Nick Bhuta], 
[Row: 238] [Column: 1] [Expected: 7,728] [Actual: 7,827], 
[Row: 238] [Column: 2] [Expected: danielp] [Actual: bmckenna], 
[Row: 238] [Column: 3] [Expected: Daniel Pelletier (other)] [Actual: Bill McKenna], 
[Row: 238] [Column: 5] [Expected: Offsite - US Office] [Actual: 51 Astor Place], 
[Row: 238] [Column: 6] [Expected: catalan] [Actual: bmckenna], 
[Row: 239] [Column: 1] [Expected: 7,732] [Actual: 7,728], 
[Row: 239] [Column: 2] [Expected: yorams] [Actual: danielp], 
[Row: 239] [Column: 3] [Expected: Yoram Sussmann (other)] [Actual: Daniel Pelletier (other)], 
[Row: 240] [Column: 1] [Expected: 7,729] [Actual: 7,732], 
[Row: 240] [Column: 2] [Expected: hunterg] [Actual: yorams], 
[Row: 240] [Column: 3] [Expected: Hunter Gassman (other)] [Actual: Yoram Sussmann (other)], 
[Row: 241] [Column: 1] [Expected: 7,499] [Actual: 7,729], 
[Row: 241] [Column: 2] [Expected: cdery] [Actual: hunterg], 
[Row: 241] [Column: 3] [Expected: Christian Dery] [Actual: Hunter Gassman (other)], 
[Row: 241] [Column: 5] [Expected: Singapore] [Actual: Offsite - US Office], 
[Row: 241] [Column: 6] [Expected: cdery] [Actual: catalan], 
[Row: 242] [Column: 1] [Expected: 7,522] [Actual: 7,499], 
[Row: 242] [Column: 2] [Expected: jlow] [Actual: cdery], 
[Row: 242] [Column: 3] [Expected: Jonathan Low] [Actual: Christian Dery], 
[Row: 243] [Column: 1] [Expected: 207] [Actual: 7,522], 
[Row: 243] [Column: 2] [Expected: albertoa] [Actual: jlow], 
[Row: 243] [Column: 3] [Expected: Alberto Antonini] [Actual: Jonathan Low], 
[Row: 243] [Column: 4] [Expected: Flow of Funds] [Actual: Global Macro Trading], 
[Row: 243] [Column: 5] [Expected: 51 Astor Place] [Actual: Singapore], 
[Row: 243] [Column: 6] [Expected: corphedge] [Actual: cdery], 
[Row: 244] [Column: 1] [Expected: 324] [Actual: 207], 
[Row: 244] [Column: 2] [Expected: jscranton] [Actual: albertoa], 
[Row: 244] [Column: 3] [Expected: John Scranton] [Actual: Alberto Antonini], 
[Row: 244] [Column: 4] [Expected: Market Strategy] [Actual: Flow of Funds], 
[Row: 244] [Column: 5] [Expected: 200 Elm] [Actual: 51 Astor Place], 
[Row: 245] [Column: 1] [Expected: 7,659] [Actual: 324], 
[Row: 245] [Column: 2] [Expected: crobinso] [Actual: jscranton], 
[Row: 245] [Column: 3] [Expected: Craig Robinson] [Actual: John Scranton], 
[Row: 245] [Column: 4] [Expected: Global Macro Trading] [Actual: Market Strategy], 
[Row: 245] [Column: 5] [Expected: 10 NBS] [Actual: 200 Elm], 
[Row: 245] [Column: 6] [Expected: crobinso] [Actual: corphedge], 
[Row: 246] [Column: 1] [Expected: 6,531] [Actual: 7,659], 
[Row: 246] [Column: 2] [Expected: edabora] [Actual: crobinso], 
[Row: 246] [Column: 3] [Expected: Emil Dabora] [Actual: Craig Robinson], 
[Row: 246] [Column: 4] [Expected: Global Event Driven Equity Tdg] [Actual: Global Macro Trading], 
[Row: 246] [Column: 5] [Expected: Boston] [Actual: 10 NBS], 
[Row: 246] [Column: 6] [Expected: edabora] [Actual: crobinso], 
[Row: 247] [Column: 1] [Expected: 6,547] [Actual: 6,531], 
[Row: 247] [Column: 2] [Expected: tcollier] [Actual: edabora], 
[Row: 247] [Column: 3] [Expected: Timothy Collier] [Actual: Emil Dabora], 
[Row: 248] [Column: 1] [Expected: 6,785] [Actual: 6,547], 
[Row: 248] [Column: 2] [Expected: eharwood] [Actual: tcollier], 
[Row: 248] [Column: 3] [Expected: Eric Harwood] [Actual: Timothy Collier], 
[Row: 249] [Column: 1] [Expected: 7,763] [Actual: 6,785], 
[Row: 249] [Column: 2] [Expected: cmelcher] [Actual: eharwood], 
[Row: 249] [Column: 3] [Expected: Craig Melcher] [Actual: Eric Harwood], 
[Row: 250] [Column: 1] [Expected: 6,531] [Actual: 7,763], 
[Row: 250] [Column: 2] [Expected: edabora] [Actual: cmelcher], 
[Row: 250] [Column: 3] [Expected: Emil Dabora] [Actual: Craig Melcher], 
[Row: 250] [Column: 6] [Expected: edaboralev] [Actual: edabora], 
[Row: 251] [Column: 1] [Expected: 6,547] [Actual: 6,531], 
[Row: 251] [Column: 2] [Expected: tcollier] [Actual: edabora], 
[Row: 251] [Column: 3] [Expected: Timothy Collier] [Actual: Emil Dabora], 
[Row: 252] [Column: 1] [Expected: 6,785] [Actual: 6,547], 
[Row: 252] [Column: 2] [Expected: eharwood] [Actual: tcollier], 
[Row: 252] [Column: 3] [Expected: Eric Harwood] [Actual: Timothy Collier], 
[Row: 253] [Column: 1] [Expected: 7,763] [Actual: 6,785], 
[Row: 253] [Column: 2] [Expected: cmelcher] [Actual: eharwood], 
[Row: 253] [Column: 3] [Expected: Craig Melcher] [Actual: Eric Harwood], 
[Row: 254] [Column: 1] [Expected: 6,531] [Actual: 7,763], 
[Row: 254] [Column: 2] [Expected: edabora] [Actual: cmelcher], 
[Row: 254] [Column: 3] [Expected: Emil Dabora] [Actual: Craig Melcher], 
[Row: 254] [Column: 6] [Expected: edaboraspac] [Actual: edaboralev], 
[Row: 255] [Column: 1] [Expected: 6,547] [Actual: 6,531], 
[Row: 255] [Column: 2] [Expected: tcollier] [Actual: edabora], 
[Row: 255] [Column: 3] [Expected: Timothy Collier] [Actual: Emil Dabora], 
[Row: 256] [Column: 1] [Expected: 6,785] [Actual: 6,547], 
[Row: 256] [Column: 2] [Expected: eharwood] [Actual: tcollier], 
[Row: 256] [Column: 3] [Expected: Eric Harwood] [Actual: Timothy Collier], 
[Row: 257] [Column: 1] [Expected: 7,763] [Actual: 6,785], 
[Row: 257] [Column: 2] [Expected: cmelcher] [Actual: eharwood], 
[Row: 257] [Column: 3] [Expected: Craig Melcher] [Actual: Eric Harwood], 
[Row: 258] [Column: 1] [Expected: 207] [Actual: 7,763], 
[Row: 258] [Column: 2] [Expected: albertoa] [Actual: cmelcher], 
[Row: 258] [Column: 3] [Expected: Alberto Antonini] [Actual: Craig Melcher], 
[Row: 258] [Column: 4] [Expected: Flow of Funds] [Actual: Global Event Driven Equity Tdg], 
[Row: 258] [Column: 5] [Expected: 51 Astor Place] [Actual: Boston], 
[Row: 258] [Column: 6] [Expected: fof] [Actual: edaboraspac], 
[Row: 259] [Column: 1] [Expected: 4,681] [Actual: 207], 
[Row: 259] [Column: 2] [Expected: kcheong] [Actual: albertoa], 
[Row: 259] [Column: 3] [Expected: Kenneth Cheong] [Actual: Alberto Antonini], 
[Row: 260] [Column: 1] [Expected: 324] [Actual: 4,681], 
[Row: 260] [Column: 2] [Expected: jscranton] [Actual: kcheong], 
[Row: 260] [Column: 3] [Expected: John Scranton] [Actual: Kenneth Cheong], 
[Row: 260] [Column: 4] [Expected: Market Strategy] [Actual: Flow of Funds], 
[Row: 260] [Column: 5] [Expected: 200 Elm] [Actual: 51 Astor Place], 
[Row: 261] [Column: 1] [Expected: 5,567] [Actual: 324], 
[Row: 261] [Column: 2] [Expected: chehmeye] [Actual: jscranton], 
[Row: 261] [Column: 3] [Expected: Christopher Hehmeyer] [Actual: John Scranton], 
[Row: 261] [Column: 4] [Expected: Flow of Funds] [Actual: Market Strategy], 
[Row: 261] [Column: 5] [Expected: 51 Astor Place] [Actual: 200 Elm], 
[Row: 262] [Column: 1] [Expected: 6,030] [Actual: 5,567], 
[Row: 262] [Column: 2] [Expected: spearson] [Actual: chehmeye], 
[Row: 262] [Column: 3] [Expected: Steven Pearson] [Actual: Christopher Hehmeyer], 
[Row: 263] [Column: 1] [Expected: 6,328] [Actual: 6,030], 
[Row: 263] [Column: 2] [Expected: nwahid] [Actual: spearson], 
[Row: 263] [Column: 3] [Expected: Naeem Wahid] [Actual: Steven Pearson], 
[Row: 263] [Column: 5] [Expected: 10 NBS] [Actual: 51 Astor Place], 
[Row: 264] [Column: 1] [Expected: 6,057] [Actual: 6,328], 
[Row: 264] [Column: 2] [Expected: clim] [Actual: nwahid], 
[Row: 264] [Column: 3] [Expected: Curtis Lim] [Actual: Naeem Wahid], 
[Row: 264] [Column: 5] [Expected: 51 Astor Place] [Actual: 10 NBS], 
[Row: 265] [Column: 1] [Expected: 7,758] [Actual: 6,057], 
[Row: 265] [Column: 2] [Expected: carolz] [Actual: clim], 
[Row: 265] [Column: 3] [Expected: Carol Zhang] [Actual: Curtis Lim], 
[Row: 266] [Column: 1] [Expected: 7,737] [Actual: 7,758], 
[Row: 266] [Column: 2] [Expected: dzhou] [Actual: carolz], 
[Row: 266] [Column: 3] [Expected: Daniel Zhou] [Actual: Carol Zhang], 
[Row: 267] [Column: 1] [Expected: 7,020] [Actual: 7,737], 
[Row: 267] [Column: 2] [Expected: jzhu] [Actual: dzhou], 
[Row: 267] [Column: 3] [Expected: Jessica Zhu] [Actual: Daniel Zhou], 
[Row: 268] [Column: 1] [Expected: 207] [Actual: 7,020], 
[Row: 268] [Column: 2] [Expected: albertoa] [Actual: jzhu], 
[Row: 268] [Column: 3] [Expected: Alberto Antonini] [Actual: Jessica Zhu], 
[Row: 268] [Column: 6] [Expected: fofatt] [Actual: fof], 
[Row: 269] [Column: 1] [Expected: 4,681] [Actual: 207], 
[Row: 269] [Column: 2] [Expected: kcheong] [Actual: albertoa], 
[Row: 269] [Column: 3] [Expected: Kenneth Cheong] [Actual: Alberto Antonini], 
[Row: 270] [Column: 1] [Expected: 324] [Actual: 4,681], 
[Row: 270] [Column: 2] [Expected: jscranton] [Actual: kcheong], 
[Row: 270] [Column: 3] [Expected: John Scranton] [Actual: Kenneth Cheong], 
[Row: 270] [Column: 4] [Expected: Market Strategy] [Actual: Flow of Funds], 
[Row: 270] [Column: 5] [Expected: 200 Elm] [Actual: 51 Astor Place], 
[Row: 271] [Column: 1] [Expected: 5,567] [Actual: 324], 
[Row: 271] [Column: 2] [Expected: chehmeye] [Actual: jscranton], 
[Row: 271] [Column: 3] [Expected: Christopher Hehmeyer] [Actual: John Scranton], 
[Row: 271] [Column: 4] [Expected: Flow of Funds] [Actual: Market Strategy], 
[Row: 271] [Column: 5] [Expected: 51 Astor Place] [Actual: 200 Elm], 
[Row: 272] [Column: 1] [Expected: 6,030] [Actual: 5,567], 
[Row: 272] [Column: 2] [Expected: spearson] [Actual: chehmeye], 
[Row: 272] [Column: 3] [Expected: Steven Pearson] [Actual: Christopher Hehmeyer], 
[Row: 273] [Column: 1] [Expected: 6,328] [Actual: 6,030], 
[Row: 273] [Column: 2] [Expected: nwahid] [Actual: spearson], 
[Row: 273] [Column: 3] [Expected: Naeem Wahid] [Actual: Steven Pearson], 
[Row: 273] [Column: 5] [Expected: 10 NBS] [Actual: 51 Astor Place], 
[Row: 274] [Column: 1] [Expected: 6,057] [Actual: 6,328], 
[Row: 274] [Column: 2] [Expected: clim] [Actual: nwahid], 
[Row: 274] [Column: 3] [Expected: Curtis Lim] [Actual: Naeem Wahid], 
[Row: 274] [Column: 5] [Expected: 51 Astor Place] [Actual: 10 NBS], 
[Row: 275] [Column: 1] [Expected: 7,758] [Actual: 6,057], 
[Row: 275] [Column: 2] [Expected: carolz] [Actual: clim], 
[Row: 275] [Column: 3] [Expected: Carol Zhang] [Actual: Curtis Lim], 
[Row: 276] [Column: 1] [Expected: 7,737] [Actual: 7,758], 
[Row: 276] [Column: 2] [Expected: dzhou] [Actual: carolz], 
[Row: 276] [Column: 3] [Expected: Daniel Zhou] [Actual: Carol Zhang], 
[Row: 277] [Column: 1] [Expected: 7,020] [Actual: 7,737], 
[Row: 277] [Column: 2] [Expected: jzhu] [Actual: dzhou], 
[Row: 277] [Column: 3] [Expected: Jessica Zhu] [Actual: Daniel Zhou], 
[Row: 278] [Column: 1] [Expected: 5,567] [Actual: 7,020], 
[Row: 278] [Column: 2] [Expected: chehmeye] [Actual: jzhu], 
[Row: 278] [Column: 3] [Expected: Christopher Hehmeyer] [Actual: Jessica Zhu], 
[Row: 278] [Column: 6] [Expected: fofcomm] [Actual: fofatt], 
[Row: 279] [Column: 1] [Expected: 6,030] [Actual: 5,567], 
[Row: 279] [Column: 2] [Expected: spearson] [Actual: chehmeye], 
[Row: 279] [Column: 3] [Expected: Steven Pearson] [Actual: Christopher Hehmeyer], 
[Row: 280] [Column: 1] [Expected: 6,328] [Actual: 6,030], 
[Row: 280] [Column: 2] [Expected: nwahid] [Actual: spearson], 
[Row: 280] [Column: 3] [Expected: Naeem Wahid] [Actual: Steven Pearson], 
[Row: 280] [Column: 5] [Expected: 10 NBS] [Actual: 51 Astor Place], 
[Row: 281] [Column: 1] [Expected: 6,057] [Actual: 6,328], 
[Row: 281] [Column: 2] [Expected: clim] [Actual: nwahid], 
[Row: 281] [Column: 3] [Expected: Curtis Lim] [Actual: Naeem Wahid], 
[Row: 281] [Column: 5] [Expected: 51 Astor Place] [Actual: 10 NBS], 
[Row: 282] [Column: 1] [Expected: 6,030] [Actual: 6,057], 
[Row: 282] [Column: 2] [Expected: spearson] [Actual: clim], 
[Row: 282] [Column: 3] [Expected: Steven Pearson] [Actual: Curtis Lim], 
[Row: 282] [Column: 6] [Expected: fofsys1] [Actual: fofcomm], 
[Row: 283] [Column: 1] [Expected: 5,097] [Actual: 6,030], 
[Row: 283] [Column: 2] [Expected: aghose] [Actual: spearson], 
[Row: 283] [Column: 3] [Expected: Abhishek Ghose] [Actual: Steven Pearson], 
[Row: 284] [Column: 1] [Expected: 6,057] [Actual: 5,097], 
[Row: 284] [Column: 2] [Expected: clim] [Actual: aghose], 
[Row: 284] [Column: 3] [Expected: Curtis Lim] [Actual: Abhishek Ghose], 
[Row: 285] [Column: 1] [Expected: 7,737] [Actual: 6,057], 
[Row: 285] [Column: 2] [Expected: dzhou] [Actual: clim], 
[Row: 285] [Column: 3] [Expected: Daniel Zhou] [Actual: Curtis Lim], 
[Row: 286] [Column: 1] [Expected: 7,020] [Actual: 7,737], 
[Row: 286] [Column: 2] [Expected: jzhu] [Actual: dzhou], 
[Row: 286] [Column: 3] [Expected: Jessica Zhu] [Actual: Daniel Zhou], 
[Row: 287] [Column: 1] [Expected: 4,259] [Actual: 7,020], 
[Row: 287] [Column: 2] [Expected: icalcraf] [Actual: jzhu], 
[Row: 287] [Column: 3] [Expected: Ian Calcraft] [Actual: Jessica Zhu], 
[Row: 287] [Column: 4] [Expected: Global Macro Trading] [Actual: Flow of Funds], 
[Row: 287] [Column: 5] [Expected: 10 NBS] [Actual: 51 Astor Place], 
[Row: 287] [Column: 6] [Expected: icalcraf] [Actual: fofsys1], 
[Row: 288] [Column: 1] [Expected: 5,567] [Actual: 4,259], 
[Row: 288] [Column: 2] [Expected: chehmeye] [Actual: icalcraf], 
[Row: 288] [Column: 3] [Expected: Christopher Hehmeyer] [Actual: Ian Calcraft], 
[Row: 288] [Column: 4] [Expected: Flow of Funds] [Actual: Global Macro Trading], 
[Row: 288] [Column: 5] [Expected: 51 Astor Place] [Actual: 10 NBS], 
[Row: 288] [Column: 6] [Expected: ifofcomm] [Actual: icalcraf], 
[Row: 289] [Column: 1] [Expected: 6,030] [Actual: 5,567], 
[Row: 289] [Column: 2] [Expected: spearson] [Actual: chehmeye], 
[Row: 289] [Column: 3] [Expected: Steven Pearson] [Actual: Christopher Hehmeyer], 
[Row: 290] [Column: 1] [Expected: 6,328] [Actual: 6,030], 
[Row: 290] [Column: 2] [Expected: nwahid] [Actual: spearson], 
[Row: 290] [Column: 3] [Expected: Naeem Wahid] [Actual: Steven Pearson], 
[Row: 290] [Column: 5] [Expected: 10 NBS] [Actual: 51 Astor Place], 
[Row: 291] [Column: 1] [Expected: 6,057] [Actual: 6,328], 
[Row: 291] [Column: 2] [Expected: clim] [Actual: nwahid], 
[Row: 291] [Column: 3] [Expected: Curtis Lim] [Actual: Naeem Wahid], 
[Row: 291] [Column: 5] [Expected: 51 Astor Place] [Actual: 10 NBS], 
[Row: 292] [Column: 1] [Expected: 1,188] [Actual: 6,057], 
[Row: 292] [Column: 2] [Expected: mglennan] [Actual: clim], 
[Row: 292] [Column: 3] [Expected: Mike Glennan] [Actual: Curtis Lim], 
[Row: 292] [Column: 4] [Expected: Systems Trading] [Actual: Flow of Funds], 
[Row: 292] [Column: 5] [Expected: 200 Elm] [Actual: 51 Astor Place], 
[Row: 292] [Column: 6] [Expected: isttvav3lev] [Actual: ifofcomm], 
[Row: 293] [Column: 6] [Expected: isttvcbdav3] [Actual: isttvav3lev], 
[Row: 294] [Column: 1] [Expected: 3] [Actual: 1,188], 
[Row: 294] [Column: 2] [Expected: stevee] [Actual: mglennan], 
[Row: 294] [Column: 3] [Expected: Steve Evans] [Actual: Mike Glennan], 
[Row: 295] [Column: 1] [Expected: 5,848] [Actual: 3], 
[Row: 295] [Column: 2] [Expected: owatson] [Actual: stevee], 
[Row: 295] [Column: 3] [Expected: Ollie Watson] [Actual: Steve Evans], 
[Row: 295] [Column: 5] [Expected: 10 NBS] [Actual: 200 Elm], 
[Row: 296] [Column: 1] [Expected: 5,773] [Actual: 5,848], 
[Row: 296] [Column: 2] [Expected: slevin] [Actual: owatson], 
[Row: 296] [Column: 3] [Expected: Sergey Levin] [Actual: Ollie Watson], 
[Row: 296] [Column: 5] [Expected: 51 Astor Place] [Actual: 10 NBS], 
[Row: 297] [Column: 1] [Expected: 7,095] [Actual: 5,773], 
[Row: 297] [Column: 2] [Expected: asamuel] [Actual: slevin], 
[Row: 297] [Column: 3] [Expected: Alex Samuel] [Actual: Sergey Levin], 
[Row: 298] [Column: 1] [Expected: 7,253] [Actual: 7,095], 
[Row: 298] [Column: 2] [Expected: acherner] [Actual: asamuel], 
[Row: 298] [Column: 3] [Expected: Alex Cherner] [Actual: Alex Samuel], 
[Row: 299] [Column: 1] [Expected: 7,594] [Actual: 7,253], 
[Row: 299] [Column: 2] [Expected: vpaskhav] [Actual: acherner], 
[Row: 299] [Column: 3] [Expected: Victor Paskhaver] [Actual: Alex Cherner], 
[Row: 300] [Column: 1] [Expected: 7,536] [Actual: 7,594], 
[Row: 300] [Column: 2] [Expected: awestbro] [Actual: vpaskhav], 
[Row: 300] [Column: 3] [Expected: Andrew Westbrook] [Actual: Victor Paskhaver], 
[Row: 300] [Column: 4] [Expected: Front Office Technology] [Actual: Systems Trading], 
[Row: 301] [Column: 1] [Expected: 7,674] [Actual: 7,536], 
[Row: 301] [Column: 2] [Expected: cchin] [Actual: awestbro], 
[Row: 301] [Column: 3] [Expected: Chris Chin] [Actual: Andrew Westbrook], 
[Row: 301] [Column: 4] [Expected: Systems Trading] [Actual: Front Office Technology], 
[Row: 302] [Column: 1] [Expected: 1,188] [Actual: 7,674], 
[Row: 302] [Column: 2] [Expected: mglennan] [Actual: cchin], 
[Row: 302] [Column: 3] [Expected: Mike Glennan] [Actual: Chris Chin], 
[Row: 302] [Column: 5] [Expected: 200 Elm] [Actual: 51 Astor Place], 
[Row: 302] [Column: 6] [Expected: isttvcbdav3e] [Actual: isttvcbdav3], 
[Row: 303] [Column: 1] [Expected: 3] [Actual: 1,188], 
[Row: 303] [Column: 2] [Expected: stevee] [Actual: mglennan], 
[Row: 303] [Column: 3] [Expected: Steve Evans] [Actual: Mike Glennan], 
[Row: 304] [Column: 1] [Expected: 5,848] [Actual: 3], 
[Row: 304] [Column: 2] [Expected: owatson] [Actual: stevee], 
[Row: 304] [Column: 3] [Expected: Ollie Watson] [Actual: Steve Evans], 
[Row: 304] [Column: 5] [Expected: 10 NBS] [Actual: 200 Elm], 
[Row: 305] [Column: 1] [Expected: 5,773] [Actual: 5,848], 
[Row: 305] [Column: 2] [Expected: slevin] [Actual: owatson], 
[Row: 305] [Column: 3] [Expected: Sergey Levin] [Actual: Ollie Watson], 
[Row: 305] [Column: 5] [Expected: 51 Astor Place] [Actual: 10 NBS], 
[Row: 306] [Column: 1] [Expected: 7,095] [Actual: 5,773], 
[Row: 306] [Column: 2] [Expected: asamuel] [Actual: slevin], 
[Row: 306] [Column: 3] [Expected: Alex Samuel] [Actual: Sergey Levin], 
[Row: 307] [Column: 1] [Expected: 7,253] [Actual: 7,095], 
[Row: 307] [Column: 2] [Expected: acherner] [Actual: asamuel], 
[Row: 307] [Column: 3] [Expected: Alex Cherner] [Actual: Alex Samuel], 
[Row: 308] [Column: 1] [Expected: 7,440] [Actual: 7,253], 
[Row: 308] [Column: 2] [Expected: nfirth] [Actual: acherner], 
[Row: 308] [Column: 3] [Expected: Nick Firth] [Actual: Alex Cherner], 
[Row: 308] [Column: 5] [Expected: 10 NBS] [Actual: 51 Astor Place], 
[Row: 309] [Column: 1] [Expected: 7,594] [Actual: 7,440], 
[Row: 309] [Column: 2] [Expected: vpaskhav] [Actual: nfirth], 
[Row: 309] [Column: 3] [Expected: Victor Paskhaver] [Actual: Nick Firth], 
[Row: 309] [Column: 5] [Expected: 51 Astor Place] [Actual: 10 NBS], 
[Row: 310] [Column: 1] [Expected: 7,536] [Actual: 7,594], 
[Row: 310] [Column: 2] [Expected: awestbro] [Actual: vpaskhav], 
[Row: 310] [Column: 3] [Expected: Andrew Westbrook] [Actual: Victor Paskhaver], 
[Row: 310] [Column: 4] [Expected: Front Office Technology] [Actual: Systems Trading], 
[Row: 311] [Column: 1] [Expected: 7,674] [Actual: 7,536], 
[Row: 311] [Column: 2] [Expected: cchin] [Actual: awestbro], 
[Row: 311] [Column: 3] [Expected: Chris Chin] [Actual: Andrew Westbrook], 
[Row: 311] [Column: 4] [Expected: Systems Trading] [Actual: Front Office Technology], 
[Row: 312] [Column: 1] [Expected: 1,188] [Actual: 7,674], 
[Row: 312] [Column: 2] [Expected: mglennan] [Actual: cchin], 
[Row: 312] [Column: 3] [Expected: Mike Glennan] [Actual: Chris Chin], 
[Row: 312] [Column: 5] [Expected: 200 Elm] [Actual: 51 Astor Place], 
[Row: 312] [Column: 6] [Expected: isttvcbdav4] [Actual: isttvcbdav3e], 
[Row: 313] [Column: 1] [Expected: 3] [Actual: 1,188], 
[Row: 313] [Column: 2] [Expected: stevee] [Actual: mglennan], 
[Row: 313] [Column: 3] [Expected: Steve Evans] [Actual: Mike Glennan], 
[Row: 314] [Column: 1] [Expected: 5,848] [Actual: 3], 
[Row: 314] [Column: 2] [Expected: owatson] [Actual: stevee], 
[Row: 314] [Column: 3] [Expected: Ollie Watson] [Actual: Steve Evans], 
[Row: 314] [Column: 5] [Expected: 10 NBS] [Actual: 200 Elm], 
[Row: 315] [Column: 1] [Expected: 5,773] [Actual: 5,848], 
[Row: 315] [Column: 2] [Expected: slevin] [Actual: owatson], 
[Row: 315] [Column: 3] [Expected: Sergey Levin] [Actual: Ollie Watson], 
[Row: 315] [Column: 5] [Expected: 51 Astor Place] [Actual: 10 NBS], 
[Row: 316] [Column: 1] [Expected: 7,095] [Actual: 5,773], 
[Row: 316] [Column: 2] [Expected: asamuel] [Actual: slevin], 
[Row: 316] [Column: 3] [Expected: Alex Samuel] [Actual: Sergey Levin], 
[Row: 317] [Column: 1] [Expected: 7,253] [Actual: 7,095], 
[Row: 317] [Column: 2] [Expected: acherner] [Actual: asamuel], 
[Row: 317] [Column: 3] [Expected: Alex Cherner] [Actual: Alex Samuel], 
[Row: 318] [Column: 1] [Expected: 7,594] [Actual: 7,253], 
[Row: 318] [Column: 2] [Expected: vpaskhav] [Actual: acherner], 
[Row: 318] [Column: 3] [Expected: Victor Paskhaver] [Actual: Alex Cherner], 
[Row: 319] [Column: 1] [Expected: 7,536] [Actual: 7,594], 
[Row: 319] [Column: 2] [Expected: awestbro] [Actual: vpaskhav], 
[Row: 319] [Column: 3] [Expected: Andrew Westbrook] [Actual: Victor Paskhaver], 
[Row: 319] [Column: 4] [Expected: Front Office Technology] [Actual: Systems Trading], 
[...]
[Row: 876] [Column: 5] [Expected: 200 Elm] [Actual: 10 NBS], 
[Row: 877] [Column: 1] [Expected: 3] [Actual: 1,188], 
[Row: 877] [Column: 2] [Expected: stevee] [Actual: mglennan], 
[Row: 877] [Column: 3] [Expected: Steve Evans] [Actual: Mike Glennan], 
[Row: 878] [Column: 1] [Expected: 5,032] [Actual: 3], 
[Row: 878] [Column: 2] [Expected: abelinky] [Actual: stevee], 
[Row: 878] [Column: 3] [Expected: Alejandro Belinky] [Actual: Steve Evans], 
[Row: 878] [Column: 4] [Expected: Global Macro Trading] [Actual: Systems Trading], 
[Row: 879] [Column: 1] [Expected: 6,799] [Actual: 5,032], 
[Row: 879] [Column: 2] [Expected: dyu] [Actual: abelinky], 
[Row: 879] [Column: 3] [Expected: Danny Yu] [Actual: Alejandro Belinky], 
[Row: 879] [Column: 5] [Expected: 51 Astor Place] [Actual: 200 Elm], 
[Row: 880] [Column: 1] [Expected: 1,188] [Actual: 6,799], 
[Row: 880] [Column: 2] [Expected: mglennan] [Actual: dyu], 
[Row: 880] [Column: 3] [Expected: Mike Glennan] [Actual: Danny Yu], 
[Row: 880] [Column: 4] [Expected: Systems Trading] [Actual: Global Macro Trading], 
[Row: 880] [Column: 5] [Expected: 200 Elm] [Actual: 51 Astor Place], 
[Row: 880] [Column: 6] [Expected: sysmaabco2] [Actual: sysmaabco1], 
[Row: 881] [Column: 1] [Expected: 5,032] [Actual: 1,188], 
[Row: 881] [Column: 2] [Expected: abelinky] [Actual: mglennan], 
[Row: 881] [Column: 3] [Expected: Alejandro Belinky] [Actual: Mike Glennan], 
[Row: 881] [Column: 4] [Expected: Global Macro Trading] [Actual: Systems Trading], 
[Row: 882] [Column: 1] [Expected: 6,799] [Actual: 5,032], 
[Row: 882] [Column: 2] [Expected: dyu] [Actual: abelinky], 
[Row: 882] [Column: 3] [Expected: Danny Yu] [Actual: Alejandro Belinky], 
[Row: 882] [Column: 5] [Expected: 51 Astor Place] [Actual: 200 Elm], 
[Row: 883] [Column: 1] [Expected: 7,555] [Actual: 6,799], 
[Row: 883] [Column: 2] [Expected: wcao] [Actual: dyu], 
[Row: 883] [Column: 3] [Expected: Wei Cao] [Actual: Danny Yu], 
[Row: 883] [Column: 5] [Expected: 200 Elm] [Actual: 51 Astor Place], 
[Row: 884] [Column: 1] [Expected: 131] [Actual: 7,555], 
[Row: 884] [Column: 2] [Expected: dcook] [Actual: wcao], 
[Row: 884] [Column: 3] [Expected: Daryl Cook] [Actual: Wei Cao], 
[Row: 884] [Column: 4] [Expected: Systems Trading] [Actual: Global Macro Trading], 
[Row: 884] [Column: 5] [Expected: 10 NBS] [Actual: 200 Elm], 
[Row: 884] [Column: 6] [Expected: sysmaabeq1] [Actual: sysmaabco2], 
[Row: 885] [Column: 1] [Expected: 1,188] [Actual: 131], 
[Row: 885] [Column: 2] [Expected: mglennan] [Actual: dcook], 
[Row: 885] [Column: 3] [Expected: Mike Glennan] [Actual: Daryl Cook], 
[Row: 885] [Column: 5] [Expected: 200 Elm] [Actual: 10 NBS], 
[Row: 886] [Column: 1] [Expected: 3] [Actual: 1,188], 
[Row: 886] [Column: 2] [Expected: stevee] [Actual: mglennan], 
[Row: 886] [Column: 3] [Expected: Steve Evans] [Actual: Mike Glennan], 
[Row: 887] [Column: 1] [Expected: 5,032] [Actual: 3], 
[Row: 887] [Column: 2] [Expected: abelinky] [Actual: stevee], 
[Row: 887] [Column: 3] [Expected: Alejandro Belinky] [Actual: Steve Evans], 
[Row: 887] [Column: 4] [Expected: Global Macro Trading] [Actual: Systems Trading], 
[Row: 888] [Column: 1] [Expected: 6,799] [Actual: 5,032], 
[Row: 888] [Column: 2] [Expected: dyu] [Actual: abelinky], 
[Row: 888] [Column: 3] [Expected: Danny Yu] [Actual: Alejandro Belinky], 
[Row: 888] [Column: 5] [Expected: 51 Astor Place] [Actual: 200 Elm], 
[Row: 889] [Column: 1] [Expected: 131] [Actual: 6,799], 
[Row: 889] [Column: 2] [Expected: dcook] [Actual: dyu], 
[Row: 889] [Column: 3] [Expected: Daryl Cook] [Actual: Danny Yu], 
[Row: 889] [Column: 4] [Expected: Systems Trading] [Actual: Global Macro Trading], 
[Row: 889] [Column: 5] [Expected: 10 NBS] [Actual: 51 Astor Place], 
[Row: 889] [Column: 6] [Expected: sysmaabeq1f] [Actual: sysmaabeq1], 
[Row: 890] [Column: 1] [Expected: 1,188] [Actual: 131], 
[Row: 890] [Column: 2] [Expected: mglennan] [Actual: dcook], 
[Row: 890] [Column: 3] [Expected: Mike Glennan] [Actual: Daryl Cook], 
[Row: 890] [Column: 5] [Expected: 200 Elm] [Actual: 10 NBS], 
[Row: 891] [Column: 1] [Expected: 3] [Actual: 1,188], 
[Row: 891] [Column: 2] [Expected: stevee] [Actual: mglennan], 
[Row: 891] [Column: 3] [Expected: Steve Evans] [Actual: Mike Glennan], 
[Row: 892] [Column: 1] [Expected: 5,032] [Actual: 3], 
[Row: 892] [Column: 2] [Expected: abelinky] [Actual: stevee], 
[Row: 892] [Column: 3] [Expected: Alejandro Belinky] [Actual: Steve Evans], 
[Row: 892] [Column: 4] [Expected: Global Macro Trading] [Actual: Systems Trading], 
[Row: 893] [Column: 1] [Expected: 6,799] [Actual: 5,032], 
[Row: 893] [Column: 2] [Expected: dyu] [Actual: abelinky], 
[Row: 893] [Column: 3] [Expected: Danny Yu] [Actual: Alejandro Belinky], 
[Row: 893] [Column: 5] [Expected: 51 Astor Place] [Actual: 200 Elm], 
[Row: 894] [Column: 1] [Expected: 5,032] [Actual: 6,799], 
[Row: 894] [Column: 2] [Expected: abelinky] [Actual: dyu], 
[Row: 894] [Column: 3] [Expected: Alejandro Belinky] [Actual: Danny Yu], 
[Row: 894] [Column: 5] [Expected: 200 Elm] [Actual: 51 Astor Place], 
[Row: 894] [Column: 6] [Expected: sysmaabeq2] [Actual: sysmaabeq1f], 
[Row: 895] [Column: 1] [Expected: 6,799] [Actual: 5,032], 
[Row: 895] [Column: 2] [Expected: dyu] [Actual: abelinky], 
[Row: 895] [Column: 3] [Expected: Danny Yu] [Actual: Alejandro Belinky], 
[Row: 895] [Column: 5] [Expected: 51 Astor Place] [Actual: 200 Elm], 
[Row: 896] [Column: 1] [Expected: 7,555] [Actual: 6,799], 
[Row: 896] [Column: 2] [Expected: wcao] [Actual: dyu], 
[Row: 896] [Column: 3] [Expected: Wei Cao] [Actual: Danny Yu], 
[Row: 896] [Column: 5] [Expected: 200 Elm] [Actual: 51 Astor Place], 
[Row: 897] [Column: 1] [Expected: 6,415] [Actual: 7,555], 
[Row: 897] [Column: 2] [Expected: jsolorza] [Actual: wcao], 
[Row: 897] [Column: 3] [Expected: Juan Pablo Solorzano Margain] [Actual: Wei Cao], 
[Row: 897] [Column: 4] [Expected: Global Research] [Actual: Global Macro Trading], 
[Row: 897] [Column: 5] [Expected: 51 Astor Place] [Actual: 200 Elm], 
[Row: 897] [Column: 6] [Expected: sysmadmtv] [Actual: sysmaabeq2], 
[Row: 898] [Column: 1] [Expected: 131] [Actual: 6,415], 
[Row: 898] [Column: 2] [Expected: dcook] [Actual: jsolorza], 
[Row: 898] [Column: 3] [Expected: Daryl Cook] [Actual: Juan Pablo Solorzano Margain], 
[Row: 898] [Column: 4] [Expected: Systems Trading] [Actual: Global Research], 
[Row: 898] [Column: 5] [Expected: 10 NBS] [Actual: 51 Astor Place], 
[Row: 898] [Column: 6] [Expected: sysmarebal] [Actual: sysmadmtv], 
[Row: 899] [Column: 1] [Expected: 1,188] [Actual: 131], 
[Row: 899] [Column: 2] [Expected: mglennan] [Actual: dcook], 
[Row: 899] [Column: 3] [Expected: Mike Glennan] [Actual: Daryl Cook], 
[Row: 899] [Column: 5] [Expected: 200 Elm] [Actual: 10 NBS], 
[Row: 900] [Column: 1] [Expected: 3] [Actual: 1,188], 
[Row: 900] [Column: 2] [Expected: stevee] [Actual: mglennan], 
[Row: 900] [Column: 3] [Expected: Steve Evans] [Actual: Mike Glennan], 
[Row: 901] [Column: 1] [Expected: 5,032] [Actual: 3], 
[Row: 901] [Column: 2] [Expected: abelinky] [Actual: stevee], 
[Row: 901] [Column: 3] [Expected: Alejandro Belinky] [Actual: Steve Evans], 
[Row: 901] [Column: 4] [Expected: Global Macro Trading] [Actual: Systems Trading], 
[Row: 902] [Column: 1] [Expected: 5,069] [Actual: 5,032], 
[Row: 902] [Column: 2] [Expected: phill] [Actual: abelinky], 
[Row: 902] [Column: 3] [Expected: Peter Hill] [Actual: Alejandro Belinky], 
[Row: 902] [Column: 4] [Expected: Systems Trading] [Actual: Global Macro Trading], 
[Row: 902] [Column: 5] [Expected: 10 NBS] [Actual: 200 Elm], 
[Row: 903] [Column: 1] [Expected: 131] [Actual: 5,069], 
[Row: 903] [Column: 2] [Expected: dcook] [Actual: phill], 
[Row: 903] [Column: 3] [Expected: Daryl Cook] [Actual: Peter Hill], 
[Row: 903] [Column: 6] [Expected: sysmi2] [Actual: sysmarebal], 
[Row: 904] [Column: 1] [Expected: 1,188] [Actual: 131], 
[Row: 904] [Column: 2] [Expected: mglennan] [Actual: dcook], 
[Row: 904] [Column: 3] [Expected: Mike Glennan] [Actual: Daryl Cook], 
[Row: 904] [Column: 5] [Expected: 200 Elm] [Actual: 10 NBS], 
[Row: 905] [Column: 1] [Expected: 3] [Actual: 1,188], 
[Row: 905] [Column: 2] [Expected: stevee] [Actual: mglennan], 
[Row: 905] [Column: 3] [Expected: Steve Evans] [Actual: Mike Glennan], 
[Row: 906] [Column: 1] [Expected: 5,032] [Actual: 3], 
[Row: 906] [Column: 2] [Expected: abelinky] [Actual: stevee], 
[Row: 906] [Column: 3] [Expected: Alejandro Belinky] [Actual: Steve Evans], 
[Row: 906] [Column: 4] [Expected: Global Macro Trading] [Actual: Systems Trading], 
[Row: 907] [Column: 1] [Expected: 5,069] [Actual: 5,032], 
[Row: 907] [Column: 2] [Expected: phill] [Actual: abelinky], 
[Row: 907] [Column: 3] [Expected: Peter Hill] [Actual: Alejandro Belinky], 
[Row: 907] [Column: 4] [Expected: Systems Trading] [Actual: Global Macro Trading], 
[Row: 907] [Column: 5] [Expected: 10 NBS] [Actual: 200 Elm], 
[Row: 908] [Column: 1] [Expected: 131] [Actual: 5,069], 
[Row: 908] [Column: 2] [Expected: dcook] [Actual: phill], 
[Row: 908] [Column: 3] [Expected: Daryl Cook] [Actual: Peter Hill], 
[Row: 908] [Column: 6] [Expected: sysmi7] [Actual: sysmi2], 
[Row: 909] [Column: 1] [Expected: 1,188] [Actual: 131], 
[Row: 909] [Column: 2] [Expected: mglennan] [Actual: dcook], 
[Row: 909] [Column: 3] [Expected: Mike Glennan] [Actual: Daryl Cook], 
[Row: 909] [Column: 5] [Expected: 200 Elm] [Actual: 10 NBS], 
[Row: 910] [Column: 1] [Expected: 3] [Actual: 1,188], 
[Row: 910] [Column: 2] [Expected: stevee] [Actual: mglennan], 
[Row: 910] [Column: 3] [Expected: Steve Evans] [Actual: Mike Glennan], 
[Row: 911] [Column: 1] [Expected: 5,032] [Actual: 3], 
[Row: 911] [Column: 2] [Expected: abelinky] [Actual: stevee], 
[Row: 911] [Column: 3] [Expected: Alejandro Belinky] [Actual: Steve Evans], 
[Row: 911] [Column: 4] [Expected: Global Macro Trading] [Actual: Systems Trading], 
[Row: 912] [Column: 1] [Expected: 5,069] [Actual: 5,032], 
[Row: 912] [Column: 2] [Expected: phill] [Actual: abelinky], 
[Row: 912] [Column: 3] [Expected: Peter Hill] [Actual: Alejandro Belinky], 
[Row: 912] [Column: 4] [Expected: Systems Trading] [Actual: Global Macro Trading], 
[Row: 912] [Column: 5] [Expected: 10 NBS] [Actual: 200 Elm], 
[Row: 913] [Column: 1] [Expected: 131] [Actual: 5,069], 
[Row: 913] [Column: 2] [Expected: dcook] [Actual: phill], 
[Row: 913] [Column: 3] [Expected: Daryl Cook] [Actual: Peter Hill], 
[Row: 913] [Column: 6] [Expected: systest] [Actual: sysmi7], 
[Row: 914] [Column: 1] [Expected: 1,188] [Actual: 131], 
[Row: 914] [Column: 2] [Expected: mglennan] [Actual: dcook], 
[Row: 914] [Column: 3] [Expected: Mike Glennan] [Actual: Daryl Cook], 
[Row: 914] [Column: 5] [Expected: 200 Elm] [Actual: 10 NBS], 
[Row: 915] [Column: 1] [Expected: 3] [Actual: 1,188], 
[Row: 915] [Column: 2] [Expected: stevee] [Actual: mglennan], 
[Row: 915] [Column: 3] [Expected: Steve Evans] [Actual: Mike Glennan], 
[Row: 916] [Column: 1] [Expected: 5,032] [Actual: 3], 
[Row: 916] [Column: 2] [Expected: abelinky] [Actual: stevee], 
[Row: 916] [Column: 3] [Expected: Alejandro Belinky] [Actual: Steve Evans], 
[Row: 916] [Column: 4] [Expected: Global Macro Trading] [Actual: Systems Trading], 
[Row: 917] [Column: 1] [Expected: 5,471] [Actual: 5,032], 
[Row: 917] [Column: 2] [Expected: editchfi] [Actual: abelinky], 
[Row: 917] [Column: 3] [Expected: Erik Ditchfield (Rebar)] [Actual: Alejandro Belinky], 
[Row: 917] [Column: 4] [Expected: IT Vendor Services] [Actual: Global Macro Trading], 
[Row: 917] [Column: 5] [Expected: Offsite - US Office] [Actual: 200 Elm]
	at org.testng.asserts.SoftAssert.assertAll(SoftAssert.java:38)
	at com.tudor.swag.tests.utils.SoftAssertSwag.assertAll(SoftAssertSwag.java:490)
	at com.tudor.swag.tests.suites.common.SwagletSuite.verifyAlphaData(SwagletSuite.java:432)
	at com.tudor.swag.tests.suites.ItAdminSuite.verifyData(ItAdminSuite.java:22)
	at sun.reflect.NativeMethodAccessorImpl.invoke0(Native Method)
	at sun.reflect.NativeMethodAccessorImpl.invoke(NativeMethodAccessorImpl.java:62)
	at sun.reflect.DelegatingMethodAccessorImpl.invoke(DelegatingMethodAccessorImpl.java:43)
	at java.lang.reflect.Method.invoke(Method.java:498)
	at org.testng.internal.MethodInvocationHelper.invokeMethod(MethodInvocationHelper.java:84)
	at org.testng.internal.Invoker.invokeMethod(Invoker.java:714)
	at org.testng.internal.Invoker.invokeTestMethod(Invoker.java:901)
	at org.testng.internal.Invoker.invokeTestMethods(Invoker.java:1231)
	at org.testng.internal.TestMethodWorker.invokeTestMethods(TestMethodWorker.java:127)
	at org.testng.internal.TestMethodWorker.run(TestMethodWorker.java:111)
	at org.testng.TestRunner.privateRun(TestRunner.java:767)
	at org.testng.TestRunner.run(TestRunner.java:617)
	at org.testng.SuiteRunner.runTest(SuiteRunner.java:334)
	at org.testng.SuiteRunner.access$000(SuiteRunner.java:37)
	at org.testng.SuiteRunner$SuiteWorker.run(SuiteRunner.java:368)
	at org.testng.internal.thread.ThreadUtil$2.call(ThreadUtil.java:64)
	at java.util.concurrent.FutureTask.run(FutureTask.java:266)
	at java.util.concurrent.ThreadPoolExecutor.runWorker(ThreadPoolExecutor.java:1149)
	at java.util.concurrent.ThreadPoolExecutor$Worker.run(ThreadPoolExecutor.java:624)
	at java.lang.Thread.run(Thread.java:748)
]]>
    </error>
  </testcase> <!-- verifyData -->
  <testcase name="verifyData" time="49.590" classname="com.tudor.swag.tests.suites.ItAdminSuite">
    <error type="java.lang.AssertionError" message="Actual row count is not equal as expected expected [604] but found [815]">
      <![CDATA[java.lang.AssertionError: Actual row count is not equal as expected expected [604] but found [815]
	at org.testng.Assert.fail(Assert.java:94)
	at org.testng.Assert.failNotEquals(Assert.java:494)
	at org.testng.Assert.assertEquals(Assert.java:123)
	at org.testng.Assert.assertEquals(Assert.java:370)
	at com.tudor.swag.tests.utils.SoftAssertSwag.assertTableData(SoftAssertSwag.java:223)
	at com.tudor.swag.tests.suites.common.SwagletSuite.verifyAlphaData(SwagletSuite.java:431)
	at com.tudor.swag.tests.suites.ItAdminSuite.verifyData(ItAdminSuite.java:22)
	at sun.reflect.NativeMethodAccessorImpl.invoke0(Native Method)
	at sun.reflect.NativeMethodAccessorImpl.invoke(NativeMethodAccessorImpl.java:62)
	at sun.reflect.DelegatingMethodAccessorImpl.invoke(DelegatingMethodAccessorImpl.java:43)
	at java.lang.reflect.Method.invoke(Method.java:498)
	at org.testng.internal.MethodInvocationHelper.invokeMethod(MethodInvocationHelper.java:84)
	at org.testng.internal.Invoker.invokeMethod(Invoker.java:714)
	at org.testng.internal.Invoker.invokeTestMethod(Invoker.java:901)
	at org.testng.internal.Invoker.invokeTestMethods(Invoker.java:1231)
	at org.testng.internal.TestMethodWorker.invokeTestMethods(TestMethodWorker.java:127)
	at org.testng.internal.TestMethodWorker.run(TestMethodWorker.java:111)
	at org.testng.TestRunner.privateRun(TestRunner.java:767)
	at org.testng.TestRunner.run(TestRunner.java:617)
	at org.testng.SuiteRunner.runTest(SuiteRunner.java:334)
	at org.testng.SuiteRunner.access$000(SuiteRunner.java:37)
	at org.testng.SuiteRunner$SuiteWorker.run(SuiteRunner.java:368)
	at org.testng.internal.thread.ThreadUtil$2.call(ThreadUtil.java:64)
	at java.util.concurrent.FutureTask.run(FutureTask.java:266)
	at java.util.concurrent.ThreadPoolExecutor.runWorker(ThreadPoolExecutor.java:1149)
	at java.util.concurrent.ThreadPoolExecutor$Worker.run(ThreadPoolExecutor.java:624)
	at java.lang.Thread.run(Thread.java:748)
]]>
    </error>
  </testcase> <!-- verifyData -->
  <testcase name="verifyData" time="5.400" classname="com.tudor.swag.tests.suites.ItAdminSuite">
    <error type="java.lang.AssertionError" message="Actual row count is not equal as expected expected [156] but found [157]">
      <![CDATA[java.lang.AssertionError: Actual row count is not equal as expected expected [156] but found [157]
	at org.testng.Assert.fail(Assert.java:94)
	at org.testng.Assert.failNotEquals(Assert.java:494)
	at org.testng.Assert.assertEquals(Assert.java:123)
	at org.testng.Assert.assertEquals(Assert.java:370)
	at com.tudor.swag.tests.utils.SoftAssertSwag.assertTableData(SoftAssertSwag.java:223)
	at com.tudor.swag.tests.suites.common.SwagletSuite.verifyAlphaData(SwagletSuite.java:431)
	at com.tudor.swag.tests.suites.ItAdminSuite.verifyData(ItAdminSuite.java:22)
	at sun.reflect.NativeMethodAccessorImpl.invoke0(Native Method)
	at sun.reflect.NativeMethodAccessorImpl.invoke(NativeMethodAccessorImpl.java:62)
	at sun.reflect.DelegatingMethodAccessorImpl.invoke(DelegatingMethodAccessorImpl.java:43)
	at java.lang.reflect.Method.invoke(Method.java:498)
	at org.testng.internal.MethodInvocationHelper.invokeMethod(MethodInvocationHelper.java:84)
	at org.testng.internal.Invoker.invokeMethod(Invoker.java:714)
	at org.testng.internal.Invoker.invokeTestMethod(Invoker.java:901)
	at org.testng.internal.Invoker.invokeTestMethods(Invoker.java:1231)
	at org.testng.internal.TestMethodWorker.invokeTestMethods(TestMethodWorker.java:127)
	at org.testng.internal.TestMethodWorker.run(TestMethodWorker.java:111)
	at org.testng.TestRunner.privateRun(TestRunner.java:767)
	at org.testng.TestRunner.run(TestRunner.java:617)
	at org.testng.SuiteRunner.runTest(SuiteRunner.java:334)
	at org.testng.SuiteRunner.access$000(SuiteRunner.java:37)
	at org.testng.SuiteRunner$SuiteWorker.run(SuiteRunner.java:368)
	at org.testng.internal.thread.ThreadUtil$2.call(ThreadUtil.java:64)
	at java.util.concurrent.FutureTask.run(FutureTask.java:266)
	at java.util.concurrent.ThreadPoolExecutor.runWorker(ThreadPoolExecutor.java:1149)
	at java.util.concurrent.ThreadPoolExecutor$Worker.run(ThreadPoolExecutor.java:624)
	at java.lang.Thread.run(Thread.java:748)
]]>
    </error>
  </testcase> <!-- verifyData -->
  <testcase name="verifyData" time="7.062" classname="com.tudor.swag.tests.suites.ItAdminSuite">
    <error type="java.lang.AssertionError" message="Actual row count is not equal as expected expected [514] but found [515]">
      <![CDATA[java.lang.AssertionError: Actual row count is not equal as expected expected [514] but found [515]
	at org.testng.Assert.fail(Assert.java:94)
	at org.testng.Assert.failNotEquals(Assert.java:494)
	at org.testng.Assert.assertEquals(Assert.java:123)
	at org.testng.Assert.assertEquals(Assert.java:370)
	at com.tudor.swag.tests.utils.SoftAssertSwag.assertTableData(SoftAssertSwag.java:223)
	at com.tudor.swag.tests.suites.common.SwagletSuite.verifyAlphaData(SwagletSuite.java:431)
	at com.tudor.swag.tests.suites.ItAdminSuite.verifyData(ItAdminSuite.java:22)
	at sun.reflect.NativeMethodAccessorImpl.invoke0(Native Method)
	at sun.reflect.NativeMethodAccessorImpl.invoke(NativeMethodAccessorImpl.java:62)
	at sun.reflect.DelegatingMethodAccessorImpl.invoke(DelegatingMethodAccessorImpl.java:43)
	at java.lang.reflect.Method.invoke(Method.java:498)
	at org.testng.internal.MethodInvocationHelper.invokeMethod(MethodInvocationHelper.java:84)
	at org.testng.internal.Invoker.invokeMethod(Invoker.java:714)
	at org.testng.internal.Invoker.invokeTestMethod(Invoker.java:901)
	at org.testng.internal.Invoker.invokeTestMethods(Invoker.java:1231)
	at org.testng.internal.TestMethodWorker.invokeTestMethods(TestMethodWorker.java:127)
	at org.testng.internal.TestMethodWorker.run(TestMethodWorker.java:111)
	at org.testng.TestRunner.privateRun(TestRunner.java:767)
	at org.testng.TestRunner.run(TestRunner.java:617)
	at org.testng.SuiteRunner.runTest(SuiteRunner.java:334)
	at org.testng.SuiteRunner.access$000(SuiteRunner.java:37)
	at org.testng.SuiteRunner$SuiteWorker.run(SuiteRunner.java:368)
	at org.testng.internal.thread.ThreadUtil$2.call(ThreadUtil.java:64)
	at java.util.concurrent.FutureTask.run(FutureTask.java:266)
	at java.util.concurrent.ThreadPoolExecutor.runWorker(ThreadPoolExecutor.java:1149)
	at java.util.concurrent.ThreadPoolExecutor$Worker.run(ThreadPoolExecutor.java:624)
	at java.lang.Thread.run(Thread.java:748)
]]>
    </error>
  </testcase> <!-- verifyData -->
</testsuite> <!-- com.tudor.swag.tests.suites.ItAdminSuite -->
